{"/workspace/src/App.tsx": {"path":"/workspace/src/App.tsx","statementMap":{"0":{"start":{"line":12,"column":6},"end":{"line":12,"column":null}},"1":{"start":{"line":12,"column":28},"end":{"line":12,"column":null}},"2":{"start":{"line":12,"column":73},"end":{"line":12,"column":null}},"3":{"start":{"line":13,"column":6},"end":{"line":13,"column":null}},"4":{"start":{"line":13,"column":27},"end":{"line":13,"column":null}},"5":{"start":{"line":13,"column":71},"end":{"line":13,"column":null}},"6":{"start":{"line":14,"column":6},"end":{"line":14,"column":null}},"7":{"start":{"line":14,"column":26},"end":{"line":14,"column":null}},"8":{"start":{"line":14,"column":69},"end":{"line":14,"column":null}},"9":{"start":{"line":15,"column":6},"end":{"line":15,"column":null}},"10":{"start":{"line":15,"column":34},"end":{"line":15,"column":null}},"11":{"start":{"line":15,"column":85},"end":{"line":15,"column":null}},"12":{"start":{"line":23,"column":15},"end":{"line":23,"column":null}},"13":{"start":{"line":26,"column":2},"end":{"line":26,"column":null}},"14":{"start":{"line":28,"column":40},"end":{"line":28,"column":null}},"15":{"start":{"line":30,"column":30},"end":{"line":30,"column":null}},"16":{"start":{"line":31,"column":28},"end":{"line":31,"column":null}},"17":{"start":{"line":32,"column":30},"end":{"line":32,"column":null}},"18":{"start":{"line":33,"column":34},"end":{"line":33,"column":null}},"19":{"start":{"line":34,"column":34},"end":{"line":34,"column":null}},"20":{"start":{"line":35,"column":30},"end":{"line":35,"column":null}},"21":{"start":{"line":36,"column":36},"end":{"line":36,"column":null}},"22":{"start":{"line":37,"column":34},"end":{"line":37,"column":null}},"23":{"start":{"line":38,"column":36},"end":{"line":38,"column":null}},"24":{"start":{"line":39,"column":22},"end":{"line":39,"column":null}},"25":{"start":{"line":40,"column":30},"end":{"line":40,"column":null}},"26":{"start":{"line":42,"column":18},"end":{"line":42,"column":null}},"27":{"start":{"line":45,"column":28},"end":{"line":45,"column":null}},"28":{"start":{"line":48,"column":8},"end":{"line":48,"column":null}},"29":{"start":{"line":49,"column":8},"end":{"line":49,"column":null}},"30":{"start":{"line":50,"column":8},"end":{"line":50,"column":null}},"31":{"start":{"line":53,"column":8},"end":{"line":53,"column":null}},"32":{"start":{"line":54,"column":8},"end":{"line":54,"column":null}},"33":{"start":{"line":55,"column":8},"end":{"line":55,"column":null}},"34":{"start":{"line":56,"column":2},"end":{"line":56,"column":null}},"35":{"start":{"line":56,"column":20},"end":{"line":56,"column":52}},"36":{"start":{"line":57,"column":2},"end":{"line":57,"column":null}},"37":{"start":{"line":57,"column":20},"end":{"line":57,"column":52}},"38":{"start":{"line":58,"column":2},"end":{"line":58,"column":null}},"39":{"start":{"line":58,"column":20},"end":{"line":58,"column":52}},"40":{"start":{"line":61,"column":8},"end":{"line":91,"column":null}},"41":{"start":{"line":63,"column":39},"end":{"line":66,"column":null}},"42":{"start":{"line":68,"column":6},"end":{"line":76,"column":null}},"43":{"start":{"line":69,"column":8},"end":{"line":69,"column":null}},"44":{"start":{"line":70,"column":8},"end":{"line":70,"column":null}},"45":{"start":{"line":71,"column":25},"end":{"line":71,"column":null}},"46":{"start":{"line":72,"column":8},"end":{"line":72,"column":null}},"47":{"start":{"line":74,"column":8},"end":{"line":74,"column":null}},"48":{"start":{"line":75,"column":8},"end":{"line":75,"column":null}},"49":{"start":{"line":78,"column":17},"end":{"line":78,"column":null}},"50":{"start":{"line":79,"column":6},"end":{"line":79,"column":null}},"51":{"start":{"line":81,"column":6},"end":{"line":81,"column":null}},"52":{"start":{"line":81,"column":30},"end":{"line":81,"column":74}},"53":{"start":{"line":84,"column":6},"end":{"line":88,"column":null}},"54":{"start":{"line":85,"column":8},"end":{"line":87,"column":null}},"55":{"start":{"line":87,"column":23},"end":{"line":87,"column":34}},"56":{"start":{"line":94,"column":2},"end":{"line":101,"column":null}},"57":{"start":{"line":95,"column":4},"end":{"line":95,"column":null}},"58":{"start":{"line":95,"column":21},"end":{"line":95,"column":null}},"59":{"start":{"line":96,"column":16},"end":{"line":96,"column":null}},"60":{"start":{"line":97,"column":4},"end":{"line":99,"column":null}},"61":{"start":{"line":98,"column":25},"end":{"line":98,"column":56}},"62":{"start":{"line":98,"column":37},"end":{"line":98,"column":56}},"63":{"start":{"line":99,"column":21},"end":{"line":99,"column":49}},"64":{"start":{"line":99,"column":33},"end":{"line":99,"column":49}},"65":{"start":{"line":100,"column":4},"end":{"line":100,"column":null}},"66":{"start":{"line":100,"column":19},"end":{"line":100,"column":33}},"67":{"start":{"line":104,"column":8},"end":{"line":104,"column":null}},"68":{"start":{"line":105,"column":2},"end":{"line":105,"column":null}},"69":{"start":{"line":105,"column":20},"end":{"line":105,"column":52}},"70":{"start":{"line":106,"column":2},"end":{"line":111,"column":null}},"71":{"start":{"line":107,"column":10},"end":{"line":109,"column":null}},"72":{"start":{"line":108,"column":6},"end":{"line":108,"column":null}},"73":{"start":{"line":110,"column":4},"end":{"line":110,"column":null}},"74":{"start":{"line":110,"column":19},"end":{"line":110,"column":48}},"75":{"start":{"line":110,"column":41},"end":{"line":110,"column":45}},"76":{"start":{"line":116,"column":2},"end":{"line":133,"column":null}},"77":{"start":{"line":117,"column":19},"end":{"line":117,"column":null}},"78":{"start":{"line":118,"column":20},"end":{"line":118,"column":null}},"79":{"start":{"line":119,"column":4},"end":{"line":122,"column":null}},"80":{"start":{"line":120,"column":6},"end":{"line":120,"column":null}},"81":{"start":{"line":121,"column":6},"end":{"line":121,"column":null}},"82":{"start":{"line":124,"column":4},"end":{"line":132,"column":null}},"83":{"start":{"line":126,"column":8},"end":{"line":128,"column":null}},"84":{"start":{"line":127,"column":10},"end":{"line":127,"column":null}},"85":{"start":{"line":136,"column":8},"end":{"line":136,"column":null}},"86":{"start":{"line":137,"column":2},"end":{"line":137,"column":null}},"87":{"start":{"line":137,"column":20},"end":{"line":137,"column":50}},"88":{"start":{"line":141,"column":8},"end":{"line":143,"column":null}},"89":{"start":{"line":142,"column":4},"end":{"line":142,"column":null}},"90":{"start":{"line":145,"column":2},"end":{"line":145,"column":null}},"91":{"start":{"line":148,"column":8},"end":{"line":155,"column":null}},"92":{"start":{"line":149,"column":4},"end":{"line":154,"column":null}},"93":{"start":{"line":150,"column":16},"end":{"line":150,"column":null}},"94":{"start":{"line":151,"column":6},"end":{"line":151,"column":null}},"95":{"start":{"line":153,"column":6},"end":{"line":153,"column":null}},"96":{"start":{"line":158,"column":8},"end":{"line":162,"column":null}},"97":{"start":{"line":159,"column":4},"end":{"line":161,"column":null}},"98":{"start":{"line":160,"column":6},"end":{"line":160,"column":null}},"99":{"start":{"line":165,"column":8},"end":{"line":173,"column":null}},"100":{"start":{"line":167,"column":6},"end":{"line":167,"column":null}},"101":{"start":{"line":168,"column":6},"end":{"line":170,"column":null}},"102":{"start":{"line":169,"column":8},"end":{"line":169,"column":null}},"103":{"start":{"line":176,"column":8},"end":{"line":180,"column":null}},"104":{"start":{"line":177,"column":4},"end":{"line":179,"column":null}},"105":{"start":{"line":178,"column":6},"end":{"line":178,"column":null}},"106":{"start":{"line":183,"column":8},"end":{"line":198,"column":null}},"107":{"start":{"line":184,"column":4},"end":{"line":197,"column":null}},"108":{"start":{"line":185,"column":23},"end":{"line":191,"column":null}},"109":{"start":{"line":192,"column":6},"end":{"line":194,"column":null}},"110":{"start":{"line":193,"column":8},"end":{"line":193,"column":null}},"111":{"start":{"line":201,"column":8},"end":{"line":215,"column":null}},"112":{"start":{"line":202,"column":4},"end":{"line":214,"column":null}},"113":{"start":{"line":203,"column":23},"end":{"line":203,"column":null}},"114":{"start":{"line":204,"column":6},"end":{"line":211,"column":null}},"115":{"start":{"line":205,"column":8},"end":{"line":205,"column":null}},"116":{"start":{"line":206,"column":8},"end":{"line":206,"column":null}},"117":{"start":{"line":208,"column":8},"end":{"line":210,"column":null}},"118":{"start":{"line":210,"column":23},"end":{"line":210,"column":40}},"119":{"start":{"line":218,"column":8},"end":{"line":223,"column":null}},"120":{"start":{"line":219,"column":4},"end":{"line":221,"column":null}},"121":{"start":{"line":220,"column":6},"end":{"line":220,"column":null}},"122":{"start":{"line":222,"column":4},"end":{"line":222,"column":null}},"123":{"start":{"line":222,"column":23},"end":{"line":222,"column":25}},"124":{"start":{"line":227,"column":8},"end":{"line":231,"column":null}},"125":{"start":{"line":228,"column":19},"end":{"line":228,"column":null}},"126":{"start":{"line":229,"column":4},"end":{"line":229,"column":null}},"127":{"start":{"line":230,"column":4},"end":{"line":230,"column":null}},"128":{"start":{"line":233,"column":8},"end":{"line":239,"column":null}},"129":{"start":{"line":234,"column":4},"end":{"line":238,"column":null}},"130":{"start":{"line":235,"column":19},"end":{"line":235,"column":null}},"131":{"start":{"line":236,"column":6},"end":{"line":236,"column":null}},"132":{"start":{"line":237,"column":6},"end":{"line":237,"column":null}},"133":{"start":{"line":240,"column":8},"end":{"line":246,"column":null}},"134":{"start":{"line":241,"column":4},"end":{"line":245,"column":null}},"135":{"start":{"line":242,"column":19},"end":{"line":242,"column":null}},"136":{"start":{"line":243,"column":6},"end":{"line":243,"column":null}},"137":{"start":{"line":244,"column":6},"end":{"line":244,"column":null}},"138":{"start":{"line":247,"column":8},"end":{"line":250,"column":null}},"139":{"start":{"line":248,"column":4},"end":{"line":248,"column":null}},"140":{"start":{"line":249,"column":4},"end":{"line":249,"column":null}},"141":{"start":{"line":253,"column":8},"end":{"line":268,"column":null}},"142":{"start":{"line":254,"column":10},"end":{"line":266,"column":null}},"143":{"start":{"line":258,"column":73},"end":{"line":258,"column":96}},"144":{"start":{"line":258,"column":92},"end":{"line":258,"column":94}},"145":{"start":{"line":259,"column":84},"end":{"line":259,"column":109}},"146":{"start":{"line":259,"column":105},"end":{"line":259,"column":107}},"147":{"start":{"line":261,"column":87},"end":{"line":261,"column":113}},"148":{"start":{"line":261,"column":109},"end":{"line":261,"column":111}},"149":{"start":{"line":262,"column":85},"end":{"line":262,"column":110}},"150":{"start":{"line":262,"column":106},"end":{"line":262,"column":108}},"151":{"start":{"line":271,"column":8},"end":{"line":287,"column":null}},"152":{"start":{"line":272,"column":11},"end":{"line":285,"column":null}},"153":{"start":{"line":276,"column":28},"end":{"line":276,"column":null}},"154":{"start":{"line":276,"column":49},"end":{"line":276,"column":51}},"155":{"start":{"line":278,"column":29},"end":{"line":278,"column":null}},"156":{"start":{"line":278,"column":51},"end":{"line":278,"column":53}},"157":{"start":{"line":279,"column":28},"end":{"line":279,"column":null}},"158":{"start":{"line":279,"column":49},"end":{"line":279,"column":51}},"159":{"start":{"line":280,"column":32},"end":{"line":280,"column":null}},"160":{"start":{"line":280,"column":54},"end":{"line":280,"column":56}},"161":{"start":{"line":281,"column":20},"end":{"line":281,"column":null}},"162":{"start":{"line":281,"column":39},"end":{"line":281,"column":41}},"163":{"start":{"line":289,"column":2},"end":{"line":289,"column":null}},"164":{"start":{"line":291,"column":2},"end":{"line":366,"column":null}},"165":{"start":{"line":317,"column":38},"end":{"line":317,"column":null}},"166":{"start":{"line":362,"column":27},"end":{"line":362,"column":null}}},"fnMap":{"0":{"name":"(anonymous_0)","decl":{"start":{"line":12,"column":22},"end":{"line":12,"column":28}},"loc":{"start":{"line":12,"column":28},"end":{"line":12,"column":null}},"line":12},"1":{"name":"(anonymous_1)","decl":{"start":{"line":12,"column":65},"end":{"line":12,"column":71}},"loc":{"start":{"line":12,"column":73},"end":{"line":12,"column":null}},"line":12},"2":{"name":"(anonymous_2)","decl":{"start":{"line":13,"column":21},"end":{"line":13,"column":27}},"loc":{"start":{"line":13,"column":27},"end":{"line":13,"column":null}},"line":13},"3":{"name":"(anonymous_3)","decl":{"start":{"line":13,"column":63},"end":{"line":13,"column":69}},"loc":{"start":{"line":13,"column":71},"end":{"line":13,"column":null}},"line":13},"4":{"name":"(anonymous_4)","decl":{"start":{"line":14,"column":20},"end":{"line":14,"column":26}},"loc":{"start":{"line":14,"column":26},"end":{"line":14,"column":null}},"line":14},"5":{"name":"(anonymous_5)","decl":{"start":{"line":14,"column":61},"end":{"line":14,"column":67}},"loc":{"start":{"line":14,"column":69},"end":{"line":14,"column":null}},"line":14},"6":{"name":"(anonymous_6)","decl":{"start":{"line":15,"column":28},"end":{"line":15,"column":34}},"loc":{"start":{"line":15,"column":34},"end":{"line":15,"column":null}},"line":15},"7":{"name":"(anonymous_7)","decl":{"start":{"line":15,"column":77},"end":{"line":15,"column":83}},"loc":{"start":{"line":15,"column":85},"end":{"line":15,"column":null}},"line":15},"8":{"name":"App","decl":{"start":{"line":25,"column":9},"end":{"line":25,"column":15}},"loc":{"start":{"line":25,"column":15},"end":{"line":368,"column":null}},"line":25},"9":{"name":"(anonymous_9)","decl":{"start":{"line":56,"column":12},"end":{"line":56,"column":18}},"loc":{"start":{"line":56,"column":18},"end":{"line":56,"column":53}},"line":56},"10":{"name":"(anonymous_10)","decl":{"start":{"line":57,"column":12},"end":{"line":57,"column":18}},"loc":{"start":{"line":57,"column":18},"end":{"line":57,"column":53}},"line":57},"11":{"name":"(anonymous_11)","decl":{"start":{"line":58,"column":12},"end":{"line":58,"column":18}},"loc":{"start":{"line":58,"column":18},"end":{"line":58,"column":53}},"line":58},"12":{"name":"(anonymous_12)","decl":{"start":{"line":62,"column":4},"end":{"line":62,"column":11}},"loc":{"start":{"line":62,"column":28},"end":{"line":89,"column":null}},"line":62},"13":{"name":"(anonymous_13)","decl":{"start":{"line":72,"column":52},"end":{"line":72,"column":58}},"loc":{"start":{"line":72,"column":58},"end":{"line":72,"column":60}},"line":72},"14":{"name":"(anonymous_14)","decl":{"start":{"line":81,"column":20},"end":{"line":81,"column":21}},"loc":{"start":{"line":81,"column":30},"end":{"line":81,"column":74}},"line":81},"15":{"name":"(anonymous_15)","decl":{"start":{"line":87,"column":17},"end":{"line":87,"column":23}},"loc":{"start":{"line":87,"column":23},"end":{"line":87,"column":34}},"line":87},"16":{"name":"(anonymous_16)","decl":{"start":{"line":94,"column":12},"end":{"line":94,"column":18}},"loc":{"start":{"line":94,"column":18},"end":{"line":101,"column":5}},"line":94},"17":{"name":"(anonymous_17)","decl":{"start":{"line":98,"column":12},"end":{"line":98,"column":13}},"loc":{"start":{"line":98,"column":23},"end":{"line":98,"column":57}},"line":98},"18":{"name":"(anonymous_18)","decl":{"start":{"line":99,"column":13},"end":{"line":99,"column":19}},"loc":{"start":{"line":99,"column":19},"end":{"line":99,"column":50}},"line":99},"19":{"name":"(anonymous_19)","decl":{"start":{"line":100,"column":11},"end":{"line":100,"column":17}},"loc":{"start":{"line":100,"column":17},"end":{"line":100,"column":null}},"line":100},"20":{"name":"(anonymous_20)","decl":{"start":{"line":105,"column":12},"end":{"line":105,"column":18}},"loc":{"start":{"line":105,"column":18},"end":{"line":105,"column":53}},"line":105},"21":{"name":"(anonymous_21)","decl":{"start":{"line":106,"column":12},"end":{"line":106,"column":18}},"loc":{"start":{"line":106,"column":18},"end":{"line":111,"column":5}},"line":106},"22":{"name":"(anonymous_22)","decl":{"start":{"line":107,"column":49},"end":{"line":107,"column":50}},"loc":{"start":{"line":107,"column":60},"end":{"line":109,"column":5}},"line":107},"23":{"name":"(anonymous_23)","decl":{"start":{"line":110,"column":11},"end":{"line":110,"column":17}},"loc":{"start":{"line":110,"column":17},"end":{"line":110,"column":null}},"line":110},"24":{"name":"(anonymous_24)","decl":{"start":{"line":110,"column":33},"end":{"line":110,"column":34}},"loc":{"start":{"line":110,"column":41},"end":{"line":110,"column":45}},"line":110},"25":{"name":"(anonymous_25)","decl":{"start":{"line":116,"column":12},"end":{"line":116,"column":18}},"loc":{"start":{"line":116,"column":18},"end":{"line":133,"column":5}},"line":116},"26":{"name":"(anonymous_26)","decl":{"start":{"line":125,"column":12},"end":{"line":125,"column":13}},"loc":{"start":{"line":125,"column":22},"end":{"line":129,"column":7}},"line":125},"27":{"name":"(anonymous_27)","decl":{"start":{"line":130,"column":13},"end":{"line":130,"column":19}},"loc":{"start":{"line":130,"column":19},"end":{"line":132,"column":7}},"line":130},"28":{"name":"(anonymous_28)","decl":{"start":{"line":137,"column":12},"end":{"line":137,"column":18}},"loc":{"start":{"line":137,"column":18},"end":{"line":137,"column":51}},"line":137},"29":{"name":"(anonymous_29)","decl":{"start":{"line":141,"column":43},"end":{"line":141,"column":44}},"loc":{"start":{"line":141,"column":68},"end":{"line":143,"column":5}},"line":141},"30":{"name":"(anonymous_30)","decl":{"start":{"line":148,"column":32},"end":{"line":148,"column":39}},"loc":{"start":{"line":148,"column":66},"end":{"line":155,"column":5}},"line":148},"31":{"name":"(anonymous_31)","decl":{"start":{"line":158,"column":34},"end":{"line":158,"column":40}},"loc":{"start":{"line":158,"column":40},"end":{"line":162,"column":5}},"line":158},"32":{"name":"(anonymous_32)","decl":{"start":{"line":166,"column":4},"end":{"line":166,"column":5}},"loc":{"start":{"line":166,"column":20},"end":{"line":171,"column":null}},"line":166},"33":{"name":"(anonymous_33)","decl":{"start":{"line":176,"column":33},"end":{"line":176,"column":39}},"loc":{"start":{"line":176,"column":39},"end":{"line":180,"column":5}},"line":176},"34":{"name":"(anonymous_34)","decl":{"start":{"line":183,"column":33},"end":{"line":183,"column":45}},"loc":{"start":{"line":183,"column":45},"end":{"line":198,"column":5}},"line":183},"35":{"name":"(anonymous_35)","decl":{"start":{"line":201,"column":39},"end":{"line":201,"column":51}},"loc":{"start":{"line":201,"column":51},"end":{"line":215,"column":5}},"line":201},"36":{"name":"(anonymous_36)","decl":{"start":{"line":210,"column":17},"end":{"line":210,"column":23}},"loc":{"start":{"line":210,"column":23},"end":{"line":210,"column":40}},"line":210},"37":{"name":"(anonymous_37)","decl":{"start":{"line":218,"column":39},"end":{"line":218,"column":51}},"loc":{"start":{"line":218,"column":51},"end":{"line":223,"column":5}},"line":218},"38":{"name":"(anonymous_38)","decl":{"start":{"line":222,"column":16},"end":{"line":222,"column":17}},"loc":{"start":{"line":222,"column":23},"end":{"line":222,"column":25}},"line":222},"39":{"name":"(anonymous_39)","decl":{"start":{"line":227,"column":32},"end":{"line":227,"column":33}},"loc":{"start":{"line":227,"column":51},"end":{"line":231,"column":5}},"line":227},"40":{"name":"(anonymous_40)","decl":{"start":{"line":230,"column":46},"end":{"line":230,"column":52}},"loc":{"start":{"line":230,"column":52},"end":{"line":230,"column":54}},"line":230},"41":{"name":"(anonymous_41)","decl":{"start":{"line":233,"column":35},"end":{"line":233,"column":41}},"loc":{"start":{"line":233,"column":41},"end":{"line":239,"column":5}},"line":233},"42":{"name":"(anonymous_42)","decl":{"start":{"line":234,"column":12},"end":{"line":234,"column":13}},"loc":{"start":{"line":234,"column":19},"end":{"line":238,"column":5}},"line":234},"43":{"name":"(anonymous_43)","decl":{"start":{"line":240,"column":36},"end":{"line":240,"column":42}},"loc":{"start":{"line":240,"column":42},"end":{"line":246,"column":5}},"line":240},"44":{"name":"(anonymous_44)","decl":{"start":{"line":241,"column":12},"end":{"line":241,"column":13}},"loc":{"start":{"line":241,"column":19},"end":{"line":245,"column":5}},"line":241},"45":{"name":"(anonymous_45)","decl":{"start":{"line":247,"column":38},"end":{"line":247,"column":44}},"loc":{"start":{"line":247,"column":44},"end":{"line":250,"column":5}},"line":247},"46":{"name":"(anonymous_46)","decl":{"start":{"line":254,"column":4},"end":{"line":254,"column":10}},"loc":{"start":{"line":254,"column":10},"end":{"line":266,"column":null}},"line":254},"47":{"name":"(anonymous_47)","decl":{"start":{"line":258,"column":67},"end":{"line":258,"column":73}},"loc":{"start":{"line":258,"column":73},"end":{"line":258,"column":96}},"line":258},"48":{"name":"(anonymous_48)","decl":{"start":{"line":258,"column":85},"end":{"line":258,"column":86}},"loc":{"start":{"line":258,"column":92},"end":{"line":258,"column":94}},"line":258},"49":{"name":"(anonymous_49)","decl":{"start":{"line":259,"column":78},"end":{"line":259,"column":84}},"loc":{"start":{"line":259,"column":84},"end":{"line":259,"column":109}},"line":259},"50":{"name":"(anonymous_50)","decl":{"start":{"line":259,"column":98},"end":{"line":259,"column":99}},"loc":{"start":{"line":259,"column":105},"end":{"line":259,"column":107}},"line":259},"51":{"name":"(anonymous_51)","decl":{"start":{"line":261,"column":81},"end":{"line":261,"column":87}},"loc":{"start":{"line":261,"column":87},"end":{"line":261,"column":113}},"line":261},"52":{"name":"(anonymous_52)","decl":{"start":{"line":261,"column":102},"end":{"line":261,"column":103}},"loc":{"start":{"line":261,"column":109},"end":{"line":261,"column":111}},"line":261},"53":{"name":"(anonymous_53)","decl":{"start":{"line":262,"column":79},"end":{"line":262,"column":85}},"loc":{"start":{"line":262,"column":85},"end":{"line":262,"column":110}},"line":262},"54":{"name":"(anonymous_54)","decl":{"start":{"line":262,"column":99},"end":{"line":262,"column":100}},"loc":{"start":{"line":262,"column":106},"end":{"line":262,"column":108}},"line":262},"55":{"name":"(anonymous_55)","decl":{"start":{"line":272,"column":4},"end":{"line":272,"column":11}},"loc":{"start":{"line":272,"column":11},"end":{"line":285,"column":null}},"line":272},"56":{"name":"(anonymous_56)","decl":{"start":{"line":276,"column":22},"end":{"line":276,"column":28}},"loc":{"start":{"line":276,"column":28},"end":{"line":276,"column":null}},"line":276},"57":{"name":"(anonymous_57)","decl":{"start":{"line":276,"column":42},"end":{"line":276,"column":43}},"loc":{"start":{"line":276,"column":49},"end":{"line":276,"column":51}},"line":276},"58":{"name":"(anonymous_58)","decl":{"start":{"line":278,"column":23},"end":{"line":278,"column":29}},"loc":{"start":{"line":278,"column":29},"end":{"line":278,"column":null}},"line":278},"59":{"name":"(anonymous_59)","decl":{"start":{"line":278,"column":44},"end":{"line":278,"column":45}},"loc":{"start":{"line":278,"column":51},"end":{"line":278,"column":53}},"line":278},"60":{"name":"(anonymous_60)","decl":{"start":{"line":279,"column":22},"end":{"line":279,"column":28}},"loc":{"start":{"line":279,"column":28},"end":{"line":279,"column":null}},"line":279},"61":{"name":"(anonymous_61)","decl":{"start":{"line":279,"column":42},"end":{"line":279,"column":43}},"loc":{"start":{"line":279,"column":49},"end":{"line":279,"column":51}},"line":279},"62":{"name":"(anonymous_62)","decl":{"start":{"line":280,"column":26},"end":{"line":280,"column":32}},"loc":{"start":{"line":280,"column":32},"end":{"line":280,"column":null}},"line":280},"63":{"name":"(anonymous_63)","decl":{"start":{"line":280,"column":47},"end":{"line":280,"column":48}},"loc":{"start":{"line":280,"column":54},"end":{"line":280,"column":56}},"line":280},"64":{"name":"(anonymous_64)","decl":{"start":{"line":281,"column":14},"end":{"line":281,"column":20}},"loc":{"start":{"line":281,"column":20},"end":{"line":281,"column":null}},"line":281},"65":{"name":"(anonymous_65)","decl":{"start":{"line":281,"column":32},"end":{"line":281,"column":33}},"loc":{"start":{"line":281,"column":39},"end":{"line":281,"column":41}},"line":281},"66":{"name":"(anonymous_66)","decl":{"start":{"line":317,"column":32},"end":{"line":317,"column":38}},"loc":{"start":{"line":317,"column":38},"end":{"line":317,"column":null}},"line":317},"67":{"name":"(anonymous_67)","decl":{"start":{"line":362,"column":21},"end":{"line":362,"column":27}},"loc":{"start":{"line":362,"column":27},"end":{"line":362,"column":null}},"line":362}},"branchMap":{"0":{"loc":{"start":{"line":23,"column":15},"end":{"line":23,"column":null}},"type":"cond-expr","locations":[{"start":{"line":23,"column":54},"end":{"line":23,"column":60}},{"start":{"line":23,"column":60},"end":{"line":23,"column":null}}],"line":23},"1":{"loc":{"start":{"line":68,"column":6},"end":{"line":76,"column":null}},"type":"if","locations":[{"start":{"line":68,"column":6},"end":{"line":76,"column":null}},{"start":{"line":73,"column":13},"end":{"line":76,"column":null}}],"line":68},"2":{"loc":{"start":{"line":71,"column":25},"end":{"line":71,"column":null}},"type":"binary-expr","locations":[{"start":{"line":71,"column":25},"end":{"line":71,"column":50}},{"start":{"line":71,"column":50},"end":{"line":71,"column":null}}],"line":71},"3":{"loc":{"start":{"line":78,"column":17},"end":{"line":78,"column":null}},"type":"cond-expr","locations":[{"start":{"line":78,"column":53},"end":{"line":78,"column":72}},{"start":{"line":78,"column":72},"end":{"line":78,"column":null}}],"line":78},"4":{"loc":{"start":{"line":81,"column":30},"end":{"line":81,"column":74}},"type":"binary-expr","locations":[{"start":{"line":81,"column":30},"end":{"line":81,"column":39}},{"start":{"line":81,"column":39},"end":{"line":81,"column":45}},{"start":{"line":81,"column":45},"end":{"line":81,"column":74}}],"line":81},"5":{"loc":{"start":{"line":84,"column":6},"end":{"line":88,"column":null}},"type":"if","locations":[{"start":{"line":84,"column":6},"end":{"line":88,"column":null}},{"start":{},"end":{}}],"line":84},"6":{"loc":{"start":{"line":84,"column":10},"end":{"line":84,"column":37}},"type":"binary-expr","locations":[{"start":{"line":84,"column":10},"end":{"line":84,"column":33}},{"start":{"line":84,"column":33},"end":{"line":84,"column":37}}],"line":84},"7":{"loc":{"start":{"line":95,"column":4},"end":{"line":95,"column":null}},"type":"if","locations":[{"start":{"line":95,"column":4},"end":{"line":95,"column":null}},{"start":{},"end":{}}],"line":95},"8":{"loc":{"start":{"line":98,"column":25},"end":{"line":98,"column":56}},"type":"if","locations":[{"start":{"line":98,"column":25},"end":{"line":98,"column":56}},{"start":{},"end":{}}],"line":98},"9":{"loc":{"start":{"line":99,"column":21},"end":{"line":99,"column":49}},"type":"if","locations":[{"start":{"line":99,"column":21},"end":{"line":99,"column":49}},{"start":{},"end":{}}],"line":99},"10":{"loc":{"start":{"line":119,"column":4},"end":{"line":122,"column":null}},"type":"if","locations":[{"start":{"line":119,"column":4},"end":{"line":122,"column":null}},{"start":{},"end":{}}],"line":119},"11":{"loc":{"start":{"line":126,"column":8},"end":{"line":128,"column":null}},"type":"if","locations":[{"start":{"line":126,"column":8},"end":{"line":128,"column":null}},{"start":{},"end":{}}],"line":126},"12":{"loc":{"start":{"line":159,"column":4},"end":{"line":161,"column":null}},"type":"if","locations":[{"start":{"line":159,"column":4},"end":{"line":161,"column":null}},{"start":{},"end":{}}],"line":159},"13":{"loc":{"start":{"line":159,"column":8},"end":{"line":159,"column":75}},"type":"binary-expr","locations":[{"start":{"line":159,"column":8},"end":{"line":159,"column":31}},{"start":{"line":159,"column":31},"end":{"line":159,"column":54}},{"start":{"line":159,"column":54},"end":{"line":159,"column":75}}],"line":159},"14":{"loc":{"start":{"line":168,"column":6},"end":{"line":170,"column":null}},"type":"if","locations":[{"start":{"line":168,"column":6},"end":{"line":170,"column":null}},{"start":{},"end":{}}],"line":168},"15":{"loc":{"start":{"line":177,"column":4},"end":{"line":179,"column":null}},"type":"if","locations":[{"start":{"line":177,"column":4},"end":{"line":179,"column":null}},{"start":{},"end":{}}],"line":177},"16":{"loc":{"start":{"line":192,"column":6},"end":{"line":194,"column":null}},"type":"if","locations":[{"start":{"line":192,"column":6},"end":{"line":194,"column":null}},{"start":{},"end":{}}],"line":192},"17":{"loc":{"start":{"line":192,"column":10},"end":{"line":192,"column":52}},"type":"binary-expr","locations":[{"start":{"line":192,"column":10},"end":{"line":192,"column":22}},{"start":{"line":192,"column":22},"end":{"line":192,"column":52}}],"line":192},"18":{"loc":{"start":{"line":204,"column":6},"end":{"line":211,"column":null}},"type":"if","locations":[{"start":{"line":204,"column":6},"end":{"line":211,"column":null}},{"start":{},"end":{}}],"line":204},"19":{"loc":{"start":{"line":204,"column":10},"end":{"line":204,"column":52}},"type":"binary-expr","locations":[{"start":{"line":204,"column":10},"end":{"line":204,"column":22}},{"start":{"line":204,"column":22},"end":{"line":204,"column":52}}],"line":204},"20":{"loc":{"start":{"line":219,"column":4},"end":{"line":221,"column":null}},"type":"if","locations":[{"start":{"line":219,"column":4},"end":{"line":221,"column":null}},{"start":{},"end":{}}],"line":219},"21":{"loc":{"start":{"line":219,"column":8},"end":{"line":219,"column":43}},"type":"binary-expr","locations":[{"start":{"line":219,"column":8},"end":{"line":219,"column":21}},{"start":{"line":219,"column":21},"end":{"line":219,"column":33}},{"start":{"line":219,"column":33},"end":{"line":219,"column":43}}],"line":219},"22":{"loc":{"start":{"line":293,"column":7},"end":{"line":304,"column":null}},"type":"binary-expr","locations":[{"start":{"line":293,"column":7},"end":{"line":293,"column":null}},{"start":{"line":294,"column":8},"end":{"line":304,"column":null}}],"line":293},"23":{"loc":{"start":{"line":310,"column":13},"end":{"line":326,"column":null}},"type":"cond-expr","locations":[{"start":{"line":311,"column":14},"end":{"line":318,"column":null}},{"start":{"line":320,"column":14},"end":{"line":326,"column":null}}],"line":310},"24":{"loc":{"start":{"line":330,"column":11},"end":{"line":334,"column":null}},"type":"binary-expr","locations":[{"start":{"line":330,"column":11},"end":{"line":330,"column":null}},{"start":{"line":331,"column":12},"end":{"line":334,"column":null}}],"line":330},"25":{"loc":{"start":{"line":338,"column":9},"end":{"line":346,"column":null}},"type":"binary-expr","locations":[{"start":{"line":338,"column":9},"end":{"line":338,"column":null}},{"start":{"line":339,"column":10},"end":{"line":346,"column":null}}],"line":338},"26":{"loc":{"start":{"line":355,"column":7},"end":{"line":364,"column":null}},"type":"binary-expr","locations":[{"start":{"line":355,"column":7},"end":{"line":355,"column":null}},{"start":{"line":356,"column":8},"end":{"line":364,"column":null}}],"line":355}},"s":{"0":0,"1":0,"2":0,"3":0,"4":0,"5":0,"6":0,"7":0,"8":0,"9":0,"10":0,"11":0,"12":0,"13":0,"14":0,"15":0,"16":0,"17":0,"18":0,"19":0,"20":0,"21":0,"22":0,"23":0,"24":0,"25":0,"26":0,"27":0,"28":0,"29":0,"30":0,"31":0,"32":0,"33":0,"34":0,"35":0,"36":0,"37":0,"38":0,"39":0,"40":0,"41":0,"42":0,"43":0,"44":0,"45":0,"46":0,"47":0,"48":0,"49":0,"50":0,"51":0,"52":0,"53":0,"54":0,"55":0,"56":0,"57":0,"58":0,"59":0,"60":0,"61":0,"62":0,"63":0,"64":0,"65":0,"66":0,"67":0,"68":0,"69":0,"70":0,"71":0,"72":0,"73":0,"74":0,"75":0,"76":0,"77":0,"78":0,"79":0,"80":0,"81":0,"82":0,"83":0,"84":0,"85":0,"86":0,"87":0,"88":0,"89":0,"90":0,"91":0,"92":0,"93":0,"94":0,"95":0,"96":0,"97":0,"98":0,"99":0,"100":0,"101":0,"102":0,"103":0,"104":0,"105":0,"106":0,"107":0,"108":0,"109":0,"110":0,"111":0,"112":0,"113":0,"114":0,"115":0,"116":0,"117":0,"118":0,"119":0,"120":0,"121":0,"122":0,"123":0,"124":0,"125":0,"126":0,"127":0,"128":0,"129":0,"130":0,"131":0,"132":0,"133":0,"134":0,"135":0,"136":0,"137":0,"138":0,"139":0,"140":0,"141":0,"142":0,"143":0,"144":0,"145":0,"146":0,"147":0,"148":0,"149":0,"150":0,"151":0,"152":0,"153":0,"154":0,"155":0,"156":0,"157":0,"158":0,"159":0,"160":0,"161":0,"162":0,"163":0,"164":0,"165":0,"166":0},"f":{"0":0,"1":0,"2":0,"3":0,"4":0,"5":0,"6":0,"7":0,"8":0,"9":0,"10":0,"11":0,"12":0,"13":0,"14":0,"15":0,"16":0,"17":0,"18":0,"19":0,"20":0,"21":0,"22":0,"23":0,"24":0,"25":0,"26":0,"27":0,"28":0,"29":0,"30":0,"31":0,"32":0,"33":0,"34":0,"35":0,"36":0,"37":0,"38":0,"39":0,"40":0,"41":0,"42":0,"43":0,"44":0,"45":0,"46":0,"47":0,"48":0,"49":0,"50":0,"51":0,"52":0,"53":0,"54":0,"55":0,"56":0,"57":0,"58":0,"59":0,"60":0,"61":0,"62":0,"63":0,"64":0,"65":0,"66":0,"67":0},"b":{"0":[0,0],"1":[0,0],"2":[0,0],"3":[0,0],"4":[0,0,0],"5":[0,0],"6":[0,0],"7":[0,0],"8":[0,0],"9":[0,0],"10":[0,0],"11":[0,0],"12":[0,0],"13":[0,0,0],"14":[0,0],"15":[0,0],"16":[0,0],"17":[0,0],"18":[0,0],"19":[0,0],"20":[0,0],"21":[0,0,0],"22":[0,0],"23":[0,0],"24":[0,0],"25":[0,0],"26":[0,0]},"meta":{"lastBranch":27,"lastFunction":68,"lastStatement":167,"seen":{"s:12:6:12:Infinity":0,"f:12:22:12:28":0,"s:12:28:12:Infinity":1,"f:12:65:12:71":1,"s:12:73:12:Infinity":2,"s:13:6:13:Infinity":3,"f:13:21:13:27":2,"s:13:27:13:Infinity":4,"f:13:63:13:69":3,"s:13:71:13:Infinity":5,"s:14:6:14:Infinity":6,"f:14:20:14:26":4,"s:14:26:14:Infinity":7,"f:14:61:14:67":5,"s:14:69:14:Infinity":8,"s:15:6:15:Infinity":9,"f:15:28:15:34":6,"s:15:34:15:Infinity":10,"f:15:77:15:83":7,"s:15:85:15:Infinity":11,"s:23:15:23:Infinity":12,"b:23:54:23:60:23:60:23:Infinity":0,"f:25:9:25:15":8,"s:26:2:26:Infinity":13,"s:28:40:28:Infinity":14,"s:30:30:30:Infinity":15,"s:31:28:31:Infinity":16,"s:32:30:32:Infinity":17,"s:33:34:33:Infinity":18,"s:34:34:34:Infinity":19,"s:35:30:35:Infinity":20,"s:36:36:36:Infinity":21,"s:37:34:37:Infinity":22,"s:38:36:38:Infinity":23,"s:39:22:39:Infinity":24,"s:40:30:40:Infinity":25,"s:42:18:42:Infinity":26,"s:45:28:45:Infinity":27,"s:48:8:48:Infinity":28,"s:49:8:49:Infinity":29,"s:50:8:50:Infinity":30,"s:53:8:53:Infinity":31,"s:54:8:54:Infinity":32,"s:55:8:55:Infinity":33,"s:56:2:56:Infinity":34,"f:56:12:56:18":9,"s:56:20:56:52":35,"s:57:2:57:Infinity":36,"f:57:12:57:18":10,"s:57:20:57:52":37,"s:58:2:58:Infinity":38,"f:58:12:58:18":11,"s:58:20:58:52":39,"s:61:8:91:Infinity":40,"f:62:4:62:11":12,"s:63:39:66:Infinity":41,"b:68:6:76:Infinity:73:13:76:Infinity":1,"s:68:6:76:Infinity":42,"s:69:8:69:Infinity":43,"s:70:8:70:Infinity":44,"s:71:25:71:Infinity":45,"b:71:25:71:50:71:50:71:Infinity":2,"s:72:8:72:Infinity":46,"f:72:52:72:58":13,"s:74:8:74:Infinity":47,"s:75:8:75:Infinity":48,"s:78:17:78:Infinity":49,"b:78:53:78:72:78:72:78:Infinity":3,"s:79:6:79:Infinity":50,"s:81:6:81:Infinity":51,"f:81:20:81:21":14,"s:81:30:81:74":52,"b:81:30:81:39:81:39:81:45:81:45:81:74":4,"b:84:6:88:Infinity:undefined:undefined:undefined:undefined":5,"s:84:6:88:Infinity":53,"b:84:10:84:33:84:33:84:37":6,"s:85:8:87:Infinity":54,"f:87:17:87:23":15,"s:87:23:87:34":55,"s:94:2:101:Infinity":56,"f:94:12:94:18":16,"b:95:4:95:Infinity:undefined:undefined:undefined:undefined":7,"s:95:4:95:Infinity":57,"s:95:21:95:Infinity":58,"s:96:16:96:Infinity":59,"s:97:4:99:Infinity":60,"f:98:12:98:13":17,"b:98:25:98:56:undefined:undefined:undefined:undefined":8,"s:98:25:98:56":61,"s:98:37:98:56":62,"f:99:13:99:19":18,"b:99:21:99:49:undefined:undefined:undefined:undefined":9,"s:99:21:99:49":63,"s:99:33:99:49":64,"s:100:4:100:Infinity":65,"f:100:11:100:17":19,"s:100:19:100:33":66,"s:104:8:104:Infinity":67,"s:105:2:105:Infinity":68,"f:105:12:105:18":20,"s:105:20:105:52":69,"s:106:2:111:Infinity":70,"f:106:12:106:18":21,"s:107:10:109:Infinity":71,"f:107:49:107:50":22,"s:108:6:108:Infinity":72,"s:110:4:110:Infinity":73,"f:110:11:110:17":23,"s:110:19:110:48":74,"f:110:33:110:34":24,"s:110:41:110:45":75,"s:116:2:133:Infinity":76,"f:116:12:116:18":25,"s:117:19:117:Infinity":77,"s:118:20:118:Infinity":78,"b:119:4:122:Infinity:undefined:undefined:undefined:undefined":10,"s:119:4:122:Infinity":79,"s:120:6:120:Infinity":80,"s:121:6:121:Infinity":81,"s:124:4:132:Infinity":82,"f:125:12:125:13":26,"b:126:8:128:Infinity:undefined:undefined:undefined:undefined":11,"s:126:8:128:Infinity":83,"s:127:10:127:Infinity":84,"f:130:13:130:19":27,"s:136:8:136:Infinity":85,"s:137:2:137:Infinity":86,"f:137:12:137:18":28,"s:137:20:137:50":87,"s:141:8:143:Infinity":88,"f:141:43:141:44":29,"s:142:4:142:Infinity":89,"s:145:2:145:Infinity":90,"s:148:8:155:Infinity":91,"f:148:32:148:39":30,"s:149:4:154:Infinity":92,"s:150:16:150:Infinity":93,"s:151:6:151:Infinity":94,"s:153:6:153:Infinity":95,"s:158:8:162:Infinity":96,"f:158:34:158:40":31,"b:159:4:161:Infinity:undefined:undefined:undefined:undefined":12,"s:159:4:161:Infinity":97,"b:159:8:159:31:159:31:159:54:159:54:159:75":13,"s:160:6:160:Infinity":98,"s:165:8:173:Infinity":99,"f:166:4:166:5":32,"s:167:6:167:Infinity":100,"b:168:6:170:Infinity:undefined:undefined:undefined:undefined":14,"s:168:6:170:Infinity":101,"s:169:8:169:Infinity":102,"s:176:8:180:Infinity":103,"f:176:33:176:39":33,"b:177:4:179:Infinity:undefined:undefined:undefined:undefined":15,"s:177:4:179:Infinity":104,"s:178:6:178:Infinity":105,"s:183:8:198:Infinity":106,"f:183:33:183:45":34,"s:184:4:197:Infinity":107,"s:185:23:191:Infinity":108,"b:192:6:194:Infinity:undefined:undefined:undefined:undefined":16,"s:192:6:194:Infinity":109,"b:192:10:192:22:192:22:192:52":17,"s:193:8:193:Infinity":110,"s:201:8:215:Infinity":111,"f:201:39:201:51":35,"s:202:4:214:Infinity":112,"s:203:23:203:Infinity":113,"b:204:6:211:Infinity:undefined:undefined:undefined:undefined":18,"s:204:6:211:Infinity":114,"b:204:10:204:22:204:22:204:52":19,"s:205:8:205:Infinity":115,"s:206:8:206:Infinity":116,"s:208:8:210:Infinity":117,"f:210:17:210:23":36,"s:210:23:210:40":118,"s:218:8:223:Infinity":119,"f:218:39:218:51":37,"b:219:4:221:Infinity:undefined:undefined:undefined:undefined":20,"s:219:4:221:Infinity":120,"b:219:8:219:21:219:21:219:33:219:33:219:43":21,"s:220:6:220:Infinity":121,"s:222:4:222:Infinity":122,"f:222:16:222:17":38,"s:222:23:222:25":123,"s:227:8:231:Infinity":124,"f:227:32:227:33":39,"s:228:19:228:Infinity":125,"s:229:4:229:Infinity":126,"s:230:4:230:Infinity":127,"f:230:46:230:52":40,"s:233:8:239:Infinity":128,"f:233:35:233:41":41,"s:234:4:238:Infinity":129,"f:234:12:234:13":42,"s:235:19:235:Infinity":130,"s:236:6:236:Infinity":131,"s:237:6:237:Infinity":132,"s:240:8:246:Infinity":133,"f:240:36:240:42":43,"s:241:4:245:Infinity":134,"f:241:12:241:13":44,"s:242:19:242:Infinity":135,"s:243:6:243:Infinity":136,"s:244:6:244:Infinity":137,"s:247:8:250:Infinity":138,"f:247:38:247:44":45,"s:248:4:248:Infinity":139,"s:249:4:249:Infinity":140,"s:253:8:268:Infinity":141,"f:254:4:254:10":46,"s:254:10:266:Infinity":142,"f:258:67:258:73":47,"s:258:73:258:96":143,"f:258:85:258:86":48,"s:258:92:258:94":144,"f:259:78:259:84":49,"s:259:84:259:109":145,"f:259:98:259:99":50,"s:259:105:259:107":146,"f:261:81:261:87":51,"s:261:87:261:113":147,"f:261:102:261:103":52,"s:261:109:261:111":148,"f:262:79:262:85":53,"s:262:85:262:110":149,"f:262:99:262:100":54,"s:262:106:262:108":150,"s:271:8:287:Infinity":151,"f:272:4:272:11":55,"s:272:11:285:Infinity":152,"f:276:22:276:28":56,"s:276:28:276:Infinity":153,"f:276:42:276:43":57,"s:276:49:276:51":154,"f:278:23:278:29":58,"s:278:29:278:Infinity":155,"f:278:44:278:45":59,"s:278:51:278:53":156,"f:279:22:279:28":60,"s:279:28:279:Infinity":157,"f:279:42:279:43":61,"s:279:49:279:51":158,"f:280:26:280:32":62,"s:280:32:280:Infinity":159,"f:280:47:280:48":63,"s:280:54:280:56":160,"f:281:14:281:20":64,"s:281:20:281:Infinity":161,"f:281:32:281:33":65,"s:281:39:281:41":162,"s:289:2:289:Infinity":163,"s:291:2:366:Infinity":164,"b:293:7:293:Infinity:294:8:304:Infinity":22,"b:311:14:318:Infinity:320:14:326:Infinity":23,"f:317:32:317:38":66,"s:317:38:317:Infinity":165,"b:330:11:330:Infinity:331:12:334:Infinity":24,"b:338:9:338:Infinity:339:10:346:Infinity":25,"b:355:7:355:Infinity:356:8:364:Infinity":26,"f:362:21:362:27":67,"s:362:27:362:Infinity":166}}}
,"/workspace/src/main.tsx": {"path":"/workspace/src/main.tsx","statementMap":{"0":{"start":{"line":6,"column":0},"end":{"line":10,"column":null}}},"fnMap":{},"branchMap":{},"s":{"0":0},"f":{},"b":{},"meta":{"lastBranch":0,"lastFunction":0,"lastStatement":1,"seen":{"s:6:0:10:Infinity":0}}}
,"/workspace/src/components/CommandPalette.tsx": {"path":"/workspace/src/components/CommandPalette.tsx","statementMap":{"0":{"start":{"line":14,"column":20},"end":{"line":14,"column":null}},"1":{"start":{"line":16,"column":13},"end":{"line":123,"column":null}},"2":{"start":{"line":17,"column":24},"end":{"line":17,"column":null}},"3":{"start":{"line":18,"column":40},"end":{"line":18,"column":null}},"4":{"start":{"line":19,"column":40},"end":{"line":19,"column":null}},"5":{"start":{"line":20,"column":8},"end":{"line":20,"column":null}},"6":{"start":{"line":21,"column":8},"end":{"line":21,"column":null}},"7":{"start":{"line":22,"column":26},"end":{"line":22,"column":null}},"8":{"start":{"line":24,"column":8},"end":{"line":27,"column":null}},"9":{"start":{"line":25,"column":4},"end":{"line":25,"column":null}},"10":{"start":{"line":29,"column":18},"end":{"line":29,"column":null}},"11":{"start":{"line":31,"column":8},"end":{"line":36,"column":null}},"12":{"start":{"line":32,"column":18},"end":{"line":32,"column":null}},"13":{"start":{"line":33,"column":4},"end":{"line":33,"column":null}},"14":{"start":{"line":34,"column":4},"end":{"line":34,"column":null}},"15":{"start":{"line":35,"column":4},"end":{"line":35,"column":null}},"16":{"start":{"line":35,"column":26},"end":{"line":35,"column":49}},"17":{"start":{"line":39,"column":2},"end":{"line":41,"column":null}},"18":{"start":{"line":40,"column":4},"end":{"line":40,"column":null}},"19":{"start":{"line":40,"column":32},"end":{"line":40,"column":57}},"20":{"start":{"line":44,"column":2},"end":{"line":47,"column":null}},"21":{"start":{"line":45,"column":17},"end":{"line":45,"column":null}},"22":{"start":{"line":46,"column":4},"end":{"line":46,"column":null}},"23":{"start":{"line":49,"column":8},"end":{"line":61,"column":null}},"24":{"start":{"line":51,"column":6},"end":{"line":57,"column":null}},"25":{"start":{"line":52,"column":20},"end":{"line":52,"column":null}},"26":{"start":{"line":52,"column":41},"end":{"line":52,"column":57}},"27":{"start":{"line":53,"column":8},"end":{"line":53,"column":null}},"28":{"start":{"line":54,"column":6},"end":{"line":57,"column":null}},"29":{"start":{"line":55,"column":21},"end":{"line":55,"column":null}},"30":{"start":{"line":56,"column":8},"end":{"line":56,"column":null}},"31":{"start":{"line":58,"column":6},"end":{"line":58,"column":null}},"32":{"start":{"line":63,"column":8},"end":{"line":85,"column":null}},"33":{"start":{"line":65,"column":6},"end":{"line":82,"column":null}},"34":{"start":{"line":67,"column":10},"end":{"line":67,"column":null}},"35":{"start":{"line":68,"column":10},"end":{"line":68,"column":null}},"36":{"start":{"line":68,"column":34},"end":{"line":68,"column":69}},"37":{"start":{"line":69,"column":10},"end":{"line":69,"column":null}},"38":{"start":{"line":71,"column":10},"end":{"line":71,"column":null}},"39":{"start":{"line":72,"column":10},"end":{"line":72,"column":null}},"40":{"start":{"line":72,"column":34},"end":{"line":72,"column":52}},"41":{"start":{"line":73,"column":10},"end":{"line":73,"column":null}},"42":{"start":{"line":75,"column":10},"end":{"line":75,"column":null}},"43":{"start":{"line":76,"column":10},"end":{"line":76,"column":null}},"44":{"start":{"line":76,"column":32},"end":{"line":76,"column":null}},"45":{"start":{"line":77,"column":10},"end":{"line":77,"column":null}},"46":{"start":{"line":79,"column":10},"end":{"line":79,"column":null}},"47":{"start":{"line":80,"column":10},"end":{"line":80,"column":null}},"48":{"start":{"line":81,"column":10},"end":{"line":81,"column":null}},"49":{"start":{"line":87,"column":2},"end":{"line":121,"column":null}},"50":{"start":{"line":89,"column":51},"end":{"line":89,"column":72}},"51":{"start":{"line":105,"column":12},"end":{"line":117,"column":null}},"52":{"start":{"line":108,"column":36},"end":{"line":108,"column":56}},"53":{"start":{"line":108,"column":56},"end":{"line":108,"column":71}},"54":{"start":{"line":109,"column":34},"end":{"line":109,"column":null}}},"fnMap":{"0":{"name":"CommandPalette2","decl":{"start":{"line":16,"column":44},"end":{"line":16,"column":59}},"loc":{"start":{"line":16,"column":120},"end":{"line":123,"column":1}},"line":16},"1":{"name":"(anonymous_1)","decl":{"start":{"line":25,"column":4},"end":{"line":25,"column":10}},"loc":{"start":{"line":25,"column":4},"end":{"line":25,"column":null}},"line":25},"2":{"name":"(anonymous_2)","decl":{"start":{"line":31,"column":40},"end":{"line":31,"column":41}},"loc":{"start":{"line":31,"column":84},"end":{"line":36,"column":5}},"line":31},"3":{"name":"(anonymous_3)","decl":{"start":{"line":35,"column":20},"end":{"line":35,"column":26}},"loc":{"start":{"line":35,"column":26},"end":{"line":35,"column":49}},"line":35},"4":{"name":"(anonymous_4)","decl":{"start":{"line":39,"column":12},"end":{"line":39,"column":18}},"loc":{"start":{"line":39,"column":18},"end":{"line":41,"column":5}},"line":39},"5":{"name":"(anonymous_5)","decl":{"start":{"line":40,"column":26},"end":{"line":40,"column":32}},"loc":{"start":{"line":40,"column":32},"end":{"line":40,"column":57}},"line":40},"6":{"name":"(anonymous_6)","decl":{"start":{"line":44,"column":12},"end":{"line":44,"column":18}},"loc":{"start":{"line":44,"column":18},"end":{"line":47,"column":5}},"line":44},"7":{"name":"(anonymous_7)","decl":{"start":{"line":50,"column":4},"end":{"line":50,"column":5}},"loc":{"start":{"line":50,"column":44},"end":{"line":59,"column":null}},"line":50},"8":{"name":"(anonymous_8)","decl":{"start":{"line":52,"column":34},"end":{"line":52,"column":35}},"loc":{"start":{"line":52,"column":41},"end":{"line":52,"column":57}},"line":52},"9":{"name":"(anonymous_9)","decl":{"start":{"line":64,"column":4},"end":{"line":64,"column":5}},"loc":{"start":{"line":64,"column":32},"end":{"line":83,"column":null}},"line":64},"10":{"name":"(anonymous_10)","decl":{"start":{"line":68,"column":27},"end":{"line":68,"column":28}},"loc":{"start":{"line":68,"column":34},"end":{"line":68,"column":69}},"line":68},"11":{"name":"(anonymous_11)","decl":{"start":{"line":72,"column":27},"end":{"line":72,"column":28}},"loc":{"start":{"line":72,"column":34},"end":{"line":72,"column":52}},"line":72},"12":{"name":"(anonymous_12)","decl":{"start":{"line":89,"column":44},"end":{"line":89,"column":45}},"loc":{"start":{"line":89,"column":51},"end":{"line":89,"column":72}},"line":89},"13":{"name":"(anonymous_13)","decl":{"start":{"line":104,"column":23},"end":{"line":104,"column":24}},"loc":{"start":{"line":105,"column":12},"end":{"line":117,"column":null}},"line":105},"14":{"name":"(anonymous_14)","decl":{"start":{"line":108,"column":27},"end":{"line":108,"column":28}},"loc":{"start":{"line":108,"column":34},"end":{"line":108,"column":null}},"line":108},"15":{"name":"(anonymous_15)","decl":{"start":{"line":109,"column":28},"end":{"line":109,"column":34}},"loc":{"start":{"line":109,"column":34},"end":{"line":109,"column":null}},"line":109}},"branchMap":{"0":{"loc":{"start":{"line":51,"column":6},"end":{"line":57,"column":null}},"type":"if","locations":[{"start":{"line":51,"column":6},"end":{"line":57,"column":null}},{"start":{"line":54,"column":6},"end":{"line":57,"column":null}}],"line":51},"1":{"loc":{"start":{"line":54,"column":6},"end":{"line":57,"column":null}},"type":"if","locations":[{"start":{"line":54,"column":6},"end":{"line":57,"column":null}},{"start":{},"end":{}}],"line":54},"2":{"loc":{"start":{"line":55,"column":21},"end":{"line":55,"column":null}},"type":"cond-expr","locations":[{"start":{"line":55,"column":46},"end":{"line":55,"column":57}},{"start":{"line":55,"column":57},"end":{"line":55,"column":null}}],"line":55},"3":{"loc":{"start":{"line":65,"column":6},"end":{"line":82,"column":null}},"type":"switch","locations":[{"start":{"line":66,"column":8},"end":{"line":69,"column":null}},{"start":{"line":70,"column":8},"end":{"line":73,"column":null}},{"start":{"line":74,"column":8},"end":{"line":77,"column":null}},{"start":{"line":78,"column":8},"end":{"line":81,"column":null}}],"line":65},"4":{"loc":{"start":{"line":76,"column":10},"end":{"line":76,"column":null}},"type":"if","locations":[{"start":{"line":76,"column":10},"end":{"line":76,"column":null}},{"start":{},"end":{}}],"line":76},"5":{"loc":{"start":{"line":101,"column":11},"end":{"line":102,"column":null}},"type":"binary-expr","locations":[{"start":{"line":101,"column":11},"end":{"line":101,"column":27}},{"start":{"line":101,"column":27},"end":{"line":101,"column":null}},{"start":{"line":102,"column":12},"end":{"line":102,"column":null}}],"line":101},"6":{"loc":{"start":{"line":107,"column":41},"end":{"line":107,"column":72}},"type":"cond-expr","locations":[{"start":{"line":107,"column":57},"end":{"line":107,"column":70}},{"start":{"line":107,"column":70},"end":{"line":107,"column":72}}],"line":107},"7":{"loc":{"start":{"line":111,"column":48},"end":{"line":111,"column":96}},"type":"cond-expr","locations":[{"start":{"line":111,"column":74},"end":{"line":111,"column":94}},{"start":{"line":111,"column":94},"end":{"line":111,"column":96}}],"line":111},"8":{"loc":{"start":{"line":114,"column":15},"end":{"line":115,"column":null}},"type":"binary-expr","locations":[{"start":{"line":114,"column":15},"end":{"line":114,"column":null}},{"start":{"line":115,"column":16},"end":{"line":115,"column":null}}],"line":114}},"s":{"0":0,"1":0,"2":0,"3":0,"4":0,"5":0,"6":0,"7":0,"8":0,"9":0,"10":0,"11":0,"12":0,"13":0,"14":0,"15":0,"16":0,"17":0,"18":0,"19":0,"20":0,"21":0,"22":0,"23":0,"24":0,"25":0,"26":0,"27":0,"28":0,"29":0,"30":0,"31":0,"32":0,"33":0,"34":0,"35":0,"36":0,"37":0,"38":0,"39":0,"40":0,"41":0,"42":0,"43":0,"44":0,"45":0,"46":0,"47":0,"48":0,"49":0,"50":0,"51":0,"52":0,"53":0,"54":0},"f":{"0":0,"1":0,"2":0,"3":0,"4":0,"5":0,"6":0,"7":0,"8":0,"9":0,"10":0,"11":0,"12":0,"13":0,"14":0,"15":0},"b":{"0":[0,0],"1":[0,0],"2":[0,0],"3":[0,0,0,0],"4":[0,0],"5":[0,0,0],"6":[0,0],"7":[0,0],"8":[0,0]},"meta":{"lastBranch":9,"lastFunction":16,"lastStatement":55,"seen":{"s:14:20:14:Infinity":0,"s:16:13:123:Infinity":1,"f:16:44:16:59":0,"s:17:24:17:Infinity":2,"s:18:40:18:Infinity":3,"s:19:40:19:Infinity":4,"s:20:8:20:Infinity":5,"s:21:8:21:Infinity":6,"s:22:26:22:Infinity":7,"s:24:8:27:Infinity":8,"f:25:4:25:10":1,"s:25:4:25:Infinity":9,"s:29:18:29:Infinity":10,"s:31:8:36:Infinity":11,"f:31:40:31:41":2,"s:32:18:32:Infinity":12,"s:33:4:33:Infinity":13,"s:34:4:34:Infinity":14,"s:35:4:35:Infinity":15,"f:35:20:35:26":3,"s:35:26:35:49":16,"s:39:2:41:Infinity":17,"f:39:12:39:18":4,"s:40:4:40:Infinity":18,"f:40:26:40:32":5,"s:40:32:40:57":19,"s:44:2:47:Infinity":20,"f:44:12:44:18":6,"s:45:17:45:Infinity":21,"s:46:4:46:Infinity":22,"s:49:8:61:Infinity":23,"f:50:4:50:5":7,"b:51:6:57:Infinity:54:6:57:Infinity":0,"s:51:6:57:Infinity":24,"s:52:20:52:Infinity":25,"f:52:34:52:35":8,"s:52:41:52:57":26,"s:53:8:53:Infinity":27,"b:54:6:57:Infinity:undefined:undefined:undefined:undefined":1,"s:54:6:57:Infinity":28,"s:55:21:55:Infinity":29,"b:55:46:55:57:55:57:55:Infinity":2,"s:56:8:56:Infinity":30,"s:58:6:58:Infinity":31,"s:63:8:85:Infinity":32,"f:64:4:64:5":9,"b:66:8:69:Infinity:70:8:73:Infinity:74:8:77:Infinity:78:8:81:Infinity":3,"s:65:6:82:Infinity":33,"s:67:10:67:Infinity":34,"s:68:10:68:Infinity":35,"f:68:27:68:28":10,"s:68:34:68:69":36,"s:69:10:69:Infinity":37,"s:71:10:71:Infinity":38,"s:72:10:72:Infinity":39,"f:72:27:72:28":11,"s:72:34:72:52":40,"s:73:10:73:Infinity":41,"s:75:10:75:Infinity":42,"b:76:10:76:Infinity:undefined:undefined:undefined:undefined":4,"s:76:10:76:Infinity":43,"s:76:32:76:Infinity":44,"s:77:10:77:Infinity":45,"s:79:10:79:Infinity":46,"s:80:10:80:Infinity":47,"s:81:10:81:Infinity":48,"s:87:2:121:Infinity":49,"f:89:44:89:45":12,"s:89:51:89:72":50,"b:101:11:101:27:101:27:101:Infinity:102:12:102:Infinity":5,"f:104:23:104:24":13,"s:105:12:117:Infinity":51,"b:107:57:107:70:107:70:107:72":6,"f:108:27:108:28":14,"s:108:36:108:56":52,"s:108:56:108:71":53,"f:109:28:109:34":15,"s:109:34:109:Infinity":54,"b:111:74:111:94:111:94:111:96":7,"b:114:15:114:Infinity:115:16:115:Infinity":8}}}
,"/workspace/src/components/DiffView.tsx": {"path":"/workspace/src/components/DiffView.tsx","statementMap":{"0":{"start":{"line":10,"column":2},"end":{"line":10,"column":null}},"1":{"start":{"line":10,"column":16},"end":{"line":10,"column":null}},"2":{"start":{"line":12,"column":2},"end":{"line":26,"column":null}},"3":{"start":{"line":13,"column":4},"end":{"line":24,"column":null}},"4":{"start":{"line":28,"column":16},"end":{"line":28,"column":null}},"5":{"start":{"line":30,"column":2},"end":{"line":48,"column":null}},"6":{"start":{"line":33,"column":24},"end":{"line":33,"column":null}},"7":{"start":{"line":34,"column":8},"end":{"line":40,"column":null}},"8":{"start":{"line":35,"column":10},"end":{"line":35,"column":null}},"9":{"start":{"line":36,"column":8},"end":{"line":40,"column":null}},"10":{"start":{"line":37,"column":10},"end":{"line":37,"column":null}},"11":{"start":{"line":38,"column":8},"end":{"line":40,"column":null}},"12":{"start":{"line":39,"column":10},"end":{"line":39,"column":null}},"13":{"start":{"line":42,"column":8},"end":{"line":45,"column":null}}},"fnMap":{"0":{"name":"DiffView","decl":{"start":{"line":9,"column":16},"end":{"line":9,"column":25}},"loc":{"start":{"line":9,"column":66},"end":{"line":50,"column":null}},"line":9},"1":{"name":"(anonymous_1)","decl":{"start":{"line":32,"column":17},"end":{"line":32,"column":18}},"loc":{"start":{"line":32,"column":30},"end":{"line":47,"column":7}},"line":32}},"branchMap":{"0":{"loc":{"start":{"line":10,"column":2},"end":{"line":10,"column":null}},"type":"if","locations":[{"start":{"line":10,"column":2},"end":{"line":10,"column":null}},{"start":{},"end":{}}],"line":10},"1":{"loc":{"start":{"line":12,"column":2},"end":{"line":26,"column":null}},"type":"if","locations":[{"start":{"line":12,"column":2},"end":{"line":26,"column":null}},{"start":{},"end":{}}],"line":12},"2":{"loc":{"start":{"line":34,"column":8},"end":{"line":40,"column":null}},"type":"if","locations":[{"start":{"line":34,"column":8},"end":{"line":40,"column":null}},{"start":{"line":36,"column":8},"end":{"line":40,"column":null}}],"line":34},"3":{"loc":{"start":{"line":34,"column":12},"end":{"line":34,"column":61}},"type":"binary-expr","locations":[{"start":{"line":34,"column":12},"end":{"line":34,"column":36}},{"start":{"line":34,"column":36},"end":{"line":34,"column":61}}],"line":34},"4":{"loc":{"start":{"line":36,"column":8},"end":{"line":40,"column":null}},"type":"if","locations":[{"start":{"line":36,"column":8},"end":{"line":40,"column":null}},{"start":{"line":38,"column":8},"end":{"line":40,"column":null}}],"line":36},"5":{"loc":{"start":{"line":36,"column":19},"end":{"line":36,"column":68}},"type":"binary-expr","locations":[{"start":{"line":36,"column":19},"end":{"line":36,"column":43}},{"start":{"line":36,"column":43},"end":{"line":36,"column":68}}],"line":36},"6":{"loc":{"start":{"line":38,"column":8},"end":{"line":40,"column":null}},"type":"if","locations":[{"start":{"line":38,"column":8},"end":{"line":40,"column":null}},{"start":{},"end":{}}],"line":38}},"s":{"0":0,"1":0,"2":0,"3":0,"4":0,"5":0,"6":0,"7":0,"8":0,"9":0,"10":0,"11":0,"12":0,"13":0},"f":{"0":0,"1":0},"b":{"0":[0,0],"1":[0,0],"2":[0,0],"3":[0,0],"4":[0,0],"5":[0,0],"6":[0,0]},"meta":{"lastBranch":7,"lastFunction":2,"lastStatement":14,"seen":{"f:9:16:9:25":0,"b:10:2:10:Infinity:undefined:undefined:undefined:undefined":0,"s:10:2:10:Infinity":0,"s:10:16:10:Infinity":1,"b:12:2:26:Infinity:undefined:undefined:undefined:undefined":1,"s:12:2:26:Infinity":2,"s:13:4:24:Infinity":3,"s:28:16:28:Infinity":4,"s:30:2:48:Infinity":5,"f:32:17:32:18":1,"s:33:24:33:Infinity":6,"b:34:8:40:Infinity:36:8:40:Infinity":2,"s:34:8:40:Infinity":7,"b:34:12:34:36:34:36:34:61":3,"s:35:10:35:Infinity":8,"b:36:8:40:Infinity:38:8:40:Infinity":4,"s:36:8:40:Infinity":9,"b:36:19:36:43:36:43:36:68":5,"s:37:10:37:Infinity":10,"b:38:8:40:Infinity:undefined:undefined:undefined:undefined":6,"s:38:8:40:Infinity":11,"s:39:10:39:Infinity":12,"s:42:8:45:Infinity":13}}}
,"/workspace/src/components/Editor.tsx": {"path":"/workspace/src/components/Editor.tsx","statementMap":{"0":{"start":{"line":22,"column":6},"end":{"line":22,"column":null}},"1":{"start":{"line":26,"column":21},"end":{"line":52,"column":null}},"2":{"start":{"line":29,"column":4},"end":{"line":50,"column":null}},"3":{"start":{"line":31,"column":21},"end":{"line":31,"column":null}},"4":{"start":{"line":32,"column":8},"end":{"line":32,"column":null}},"5":{"start":{"line":32,"column":19},"end":{"line":32,"column":null}},"6":{"start":{"line":33,"column":8},"end":{"line":37,"column":null}},"7":{"start":{"line":34,"column":24},"end":{"line":34,"column":null}},"8":{"start":{"line":35,"column":10},"end":{"line":35,"column":null}},"9":{"start":{"line":35,"column":25},"end":{"line":35,"column":null}},"10":{"start":{"line":36,"column":10},"end":{"line":36,"column":null}},"11":{"start":{"line":38,"column":8},"end":{"line":38,"column":null}},"12":{"start":{"line":41,"column":21},"end":{"line":41,"column":null}},"13":{"start":{"line":42,"column":8},"end":{"line":42,"column":null}},"14":{"start":{"line":42,"column":19},"end":{"line":42,"column":null}},"15":{"start":{"line":43,"column":8},"end":{"line":47,"column":null}},"16":{"start":{"line":44,"column":24},"end":{"line":44,"column":null}},"17":{"start":{"line":45,"column":10},"end":{"line":45,"column":null}},"18":{"start":{"line":45,"column":25},"end":{"line":45,"column":null}},"19":{"start":{"line":46,"column":10},"end":{"line":46,"column":null}},"20":{"start":{"line":48,"column":8},"end":{"line":48,"column":null}},"21":{"start":{"line":70,"column":32},"end":{"line":92,"column":null}},"22":{"start":{"line":71,"column":69},"end":{"line":71,"column":119}},"23":{"start":{"line":72,"column":70},"end":{"line":72,"column":120}},"24":{"start":{"line":73,"column":69},"end":{"line":73,"column":119}},"25":{"start":{"line":74,"column":72},"end":{"line":74,"column":116}},"26":{"start":{"line":75,"column":72},"end":{"line":75,"column":117}},"27":{"start":{"line":76,"column":65},"end":{"line":76,"column":107}},"28":{"start":{"line":77,"column":68},"end":{"line":77,"column":111}},"29":{"start":{"line":78,"column":68},"end":{"line":78,"column":112}},"30":{"start":{"line":79,"column":69},"end":{"line":79,"column":114}},"31":{"start":{"line":84,"column":6},"end":{"line":84,"column":null}},"32":{"start":{"line":84,"column":14},"end":{"line":84,"column":null}},"33":{"start":{"line":85,"column":19},"end":{"line":85,"column":null}},"34":{"start":{"line":86,"column":6},"end":{"line":89,"column":null}},"35":{"start":{"line":95,"column":24},"end":{"line":95,"column":null}},"36":{"start":{"line":96,"column":30},"end":{"line":96,"column":null}},"37":{"start":{"line":97,"column":8},"end":{"line":97,"column":null}},"38":{"start":{"line":99,"column":8},"end":{"line":102,"column":null}},"39":{"start":{"line":100,"column":10},"end":{"line":100,"column":null}},"40":{"start":{"line":100,"column":38},"end":{"line":100,"column":92}},"41":{"start":{"line":104,"column":26},"end":{"line":104,"column":null}},"42":{"start":{"line":106,"column":8},"end":{"line":106,"column":null}},"43":{"start":{"line":107,"column":2},"end":{"line":107,"column":null}},"44":{"start":{"line":107,"column":20},"end":{"line":107,"column":46}},"45":{"start":{"line":108,"column":8},"end":{"line":108,"column":null}},"46":{"start":{"line":109,"column":2},"end":{"line":109,"column":null}},"47":{"start":{"line":109,"column":20},"end":{"line":109,"column":52}},"48":{"start":{"line":110,"column":8},"end":{"line":110,"column":null}},"49":{"start":{"line":111,"column":2},"end":{"line":111,"column":null}},"50":{"start":{"line":111,"column":20},"end":{"line":111,"column":52}},"51":{"start":{"line":113,"column":2},"end":{"line":137,"column":null}},"52":{"start":{"line":114,"column":20},"end":{"line":134,"column":null}},"53":{"start":{"line":115,"column":6},"end":{"line":115,"column":null}},"54":{"start":{"line":115,"column":32},"end":{"line":115,"column":43}},"55":{"start":{"line":115,"column":43},"end":{"line":115,"column":51}},"56":{"start":{"line":116,"column":6},"end":{"line":116,"column":null}},"57":{"start":{"line":116,"column":35},"end":{"line":116,"column":55}},"58":{"start":{"line":116,"column":55},"end":{"line":116,"column":124}},"59":{"start":{"line":116,"column":74},"end":{"line":116,"column":121}},"60":{"start":{"line":116,"column":124},"end":{"line":116,"column":132}},"61":{"start":{"line":117,"column":6},"end":{"line":117,"column":null}},"62":{"start":{"line":117,"column":33},"end":{"line":117,"column":53}},"63":{"start":{"line":117,"column":53},"end":{"line":117,"column":93}},"64":{"start":{"line":117,"column":72},"end":{"line":117,"column":90}},"65":{"start":{"line":117,"column":93},"end":{"line":117,"column":101}},"66":{"start":{"line":118,"column":6},"end":{"line":123,"column":null}},"67":{"start":{"line":119,"column":8},"end":{"line":119,"column":null}},"68":{"start":{"line":120,"column":8},"end":{"line":120,"column":null}},"69":{"start":{"line":121,"column":8},"end":{"line":121,"column":null}},"70":{"start":{"line":122,"column":8},"end":{"line":122,"column":null}},"71":{"start":{"line":124,"column":6},"end":{"line":124,"column":null}},"72":{"start":{"line":124,"column":62},"end":{"line":124,"column":73}},"73":{"start":{"line":124,"column":73},"end":{"line":124,"column":81}},"74":{"start":{"line":125,"column":6},"end":{"line":129,"column":null}},"75":{"start":{"line":126,"column":8},"end":{"line":126,"column":null}},"76":{"start":{"line":126,"column":24},"end":{"line":126,"column":33}},"77":{"start":{"line":127,"column":8},"end":{"line":127,"column":null}},"78":{"start":{"line":128,"column":8},"end":{"line":128,"column":null}},"79":{"start":{"line":130,"column":6},"end":{"line":133,"column":null}},"80":{"start":{"line":131,"column":8},"end":{"line":131,"column":null}},"81":{"start":{"line":131,"column":24},"end":{"line":131,"column":38}},"82":{"start":{"line":132,"column":8},"end":{"line":132,"column":null}},"83":{"start":{"line":135,"column":4},"end":{"line":135,"column":null}},"84":{"start":{"line":136,"column":4},"end":{"line":136,"column":null}},"85":{"start":{"line":136,"column":17},"end":{"line":136,"column":null}},"86":{"start":{"line":140,"column":2},"end":{"line":148,"column":null}},"87":{"start":{"line":141,"column":20},"end":{"line":145,"column":null}},"88":{"start":{"line":142,"column":6},"end":{"line":144,"column":null}},"89":{"start":{"line":143,"column":8},"end":{"line":143,"column":null}},"90":{"start":{"line":146,"column":4},"end":{"line":146,"column":null}},"91":{"start":{"line":147,"column":4},"end":{"line":147,"column":null}},"92":{"start":{"line":147,"column":17},"end":{"line":147,"column":null}},"93":{"start":{"line":151,"column":8},"end":{"line":166,"column":null}},"94":{"start":{"line":152,"column":4},"end":{"line":152,"column":null}},"95":{"start":{"line":152,"column":17},"end":{"line":152,"column":null}},"96":{"start":{"line":153,"column":21},"end":{"line":153,"column":null}},"97":{"start":{"line":154,"column":19},"end":{"line":154,"column":null}},"98":{"start":{"line":155,"column":23},"end":{"line":155,"column":null}},"99":{"start":{"line":156,"column":22},"end":{"line":156,"column":null}},"100":{"start":{"line":157,"column":14},"end":{"line":157,"column":null}},"101":{"start":{"line":158,"column":15},"end":{"line":158,"column":null}},"102":{"start":{"line":159,"column":4},"end":{"line":161,"column":null}},"103":{"start":{"line":160,"column":6},"end":{"line":160,"column":null}},"104":{"start":{"line":162,"column":4},"end":{"line":164,"column":null}},"105":{"start":{"line":163,"column":6},"end":{"line":163,"column":null}},"106":{"start":{"line":165,"column":4},"end":{"line":165,"column":null}},"107":{"start":{"line":168,"column":2},"end":{"line":168,"column":null}},"108":{"start":{"line":168,"column":37},"end":{"line":168,"column":null}},"109":{"start":{"line":170,"column":2},"end":{"line":192,"column":null}},"110":{"start":{"line":178,"column":8},"end":{"line":190,"column":null}},"111":{"start":{"line":182,"column":12},"end":{"line":182,"column":null}},"112":{"start":{"line":183,"column":12},"end":{"line":183,"column":null}},"113":{"start":{"line":184,"column":12},"end":{"line":184,"column":null}},"114":{"start":{"line":186,"column":30},"end":{"line":186,"column":null}},"115":{"start":{"line":197,"column":81},"end":{"line":203,"column":null}},"116":{"start":{"line":206,"column":8},"end":{"line":211,"column":null}},"117":{"start":{"line":213,"column":40},"end":{"line":213,"column":null}},"118":{"start":{"line":215,"column":8},"end":{"line":220,"column":null}},"119":{"start":{"line":216,"column":10},"end":{"line":216,"column":null}},"120":{"start":{"line":217,"column":4},"end":{"line":217,"column":null}},"121":{"start":{"line":218,"column":4},"end":{"line":218,"column":null}},"122":{"start":{"line":223,"column":8},"end":{"line":248,"column":null}},"123":{"start":{"line":224,"column":10},"end":{"line":246,"column":null}},"124":{"start":{"line":250,"column":8},"end":{"line":250,"column":null}},"125":{"start":{"line":253,"column":8},"end":{"line":253,"column":null}},"126":{"start":{"line":254,"column":2},"end":{"line":254,"column":null}},"127":{"start":{"line":254,"column":20},"end":{"line":254,"column":52}},"128":{"start":{"line":256,"column":8},"end":{"line":268,"column":null}},"129":{"start":{"line":258,"column":12},"end":{"line":263,"column":null}},"130":{"start":{"line":264,"column":6},"end":{"line":264,"column":null}},"131":{"start":{"line":265,"column":6},"end":{"line":265,"column":null}},"132":{"start":{"line":270,"column":8},"end":{"line":293,"column":null}},"133":{"start":{"line":274,"column":23},"end":{"line":274,"column":null}},"134":{"start":{"line":275,"column":6},"end":{"line":275,"column":null}},"135":{"start":{"line":275,"column":33},"end":{"line":275,"column":null}},"136":{"start":{"line":276,"column":17},"end":{"line":276,"column":null}},"137":{"start":{"line":277,"column":6},"end":{"line":277,"column":null}},"138":{"start":{"line":281,"column":8},"end":{"line":289,"column":null}},"139":{"start":{"line":282,"column":10},"end":{"line":288,"column":null}},"140":{"start":{"line":283,"column":30},"end":{"line":283,"column":null}},"141":{"start":{"line":284,"column":12},"end":{"line":287,"column":null}},"142":{"start":{"line":285,"column":14},"end":{"line":285,"column":null}},"143":{"start":{"line":286,"column":14},"end":{"line":286,"column":null}},"144":{"start":{"line":290,"column":8},"end":{"line":290,"column":null}},"145":{"start":{"line":296,"column":2},"end":{"line":300,"column":null}},"146":{"start":{"line":297,"column":4},"end":{"line":299,"column":null}},"147":{"start":{"line":298,"column":7},"end":{"line":298,"column":null}},"148":{"start":{"line":302,"column":2},"end":{"line":310,"column":null}},"149":{"start":{"line":303,"column":4},"end":{"line":303,"column":null}},"150":{"start":{"line":303,"column":20},"end":{"line":303,"column":null}},"151":{"start":{"line":304,"column":4},"end":{"line":309,"column":null}},"152":{"start":{"line":305,"column":6},"end":{"line":305,"column":null}},"153":{"start":{"line":306,"column":12},"end":{"line":306,"column":null}},"154":{"start":{"line":307,"column":6},"end":{"line":307,"column":null}},"155":{"start":{"line":308,"column":6},"end":{"line":308,"column":null}},"156":{"start":{"line":312,"column":8},"end":{"line":317,"column":null}},"157":{"start":{"line":314,"column":6},"end":{"line":314,"column":null}},"158":{"start":{"line":320,"column":8},"end":{"line":320,"column":null}},"159":{"start":{"line":321,"column":2},"end":{"line":332,"column":null}},"160":{"start":{"line":322,"column":22},"end":{"line":322,"column":null}},"161":{"start":{"line":323,"column":4},"end":{"line":323,"column":null}},"162":{"start":{"line":324,"column":4},"end":{"line":329,"column":null}},"163":{"start":{"line":325,"column":12},"end":{"line":325,"column":null}},"164":{"start":{"line":326,"column":6},"end":{"line":326,"column":null}},"165":{"start":{"line":327,"column":6},"end":{"line":327,"column":null}},"166":{"start":{"line":328,"column":6},"end":{"line":328,"column":null}},"167":{"start":{"line":334,"column":2},"end":{"line":343,"column":null}},"168":{"start":{"line":335,"column":4},"end":{"line":341,"column":null}},"169":{"start":{"line":345,"column":2},"end":{"line":387,"column":null}},"170":{"start":{"line":351,"column":14},"end":{"line":362,"column":null}},"171":{"start":{"line":356,"column":18},"end":{"line":356,"column":null}},"172":{"start":{"line":358,"column":19},"end":{"line":358,"column":null}},"173":{"start":{"line":368,"column":16},"end":{"line":368,"column":null}},"174":{"start":{"line":369,"column":16},"end":{"line":374,"column":null}},"175":{"start":{"line":370,"column":18},"end":{"line":370,"column":null}},"176":{"start":{"line":372,"column":30},"end":{"line":372,"column":null}},"177":{"start":{"line":373,"column":18},"end":{"line":373,"column":null}},"178":{"start":{"line":373,"column":27},"end":{"line":373,"column":null}},"179":{"start":{"line":385,"column":50},"end":{"line":385,"column":75}}},"fnMap":{"0":{"name":"(anonymous_0)","decl":{"start":{"line":28,"column":2},"end":{"line":28,"column":25}},"loc":{"start":{"line":28,"column":25},"end":{"line":51,"column":null}},"line":28},"1":{"name":"(anonymous_1)","decl":{"start":{"line":30,"column":27},"end":{"line":30,"column":28}},"loc":{"start":{"line":30,"column":43},"end":{"line":39,"column":null}},"line":30},"2":{"name":"(anonymous_2)","decl":{"start":{"line":40,"column":29},"end":{"line":40,"column":30}},"loc":{"start":{"line":40,"column":45},"end":{"line":49,"column":null}},"line":40},"3":{"name":"(anonymous_3)","decl":{"start":{"line":71,"column":62},"end":{"line":71,"column":63}},"loc":{"start":{"line":71,"column":69},"end":{"line":71,"column":119}},"line":71},"4":{"name":"(anonymous_4)","decl":{"start":{"line":72,"column":63},"end":{"line":72,"column":64}},"loc":{"start":{"line":72,"column":70},"end":{"line":72,"column":120}},"line":72},"5":{"name":"(anonymous_5)","decl":{"start":{"line":73,"column":62},"end":{"line":73,"column":63}},"loc":{"start":{"line":73,"column":69},"end":{"line":73,"column":119}},"line":73},"6":{"name":"(anonymous_6)","decl":{"start":{"line":74,"column":65},"end":{"line":74,"column":66}},"loc":{"start":{"line":74,"column":72},"end":{"line":74,"column":116}},"line":74},"7":{"name":"(anonymous_7)","decl":{"start":{"line":75,"column":65},"end":{"line":75,"column":66}},"loc":{"start":{"line":75,"column":72},"end":{"line":75,"column":117}},"line":75},"8":{"name":"(anonymous_8)","decl":{"start":{"line":76,"column":58},"end":{"line":76,"column":59}},"loc":{"start":{"line":76,"column":65},"end":{"line":76,"column":107}},"line":76},"9":{"name":"(anonymous_9)","decl":{"start":{"line":77,"column":61},"end":{"line":77,"column":62}},"loc":{"start":{"line":77,"column":68},"end":{"line":77,"column":111}},"line":77},"10":{"name":"(anonymous_10)","decl":{"start":{"line":78,"column":61},"end":{"line":78,"column":62}},"loc":{"start":{"line":78,"column":68},"end":{"line":78,"column":112}},"line":78},"11":{"name":"(anonymous_11)","decl":{"start":{"line":79,"column":62},"end":{"line":79,"column":63}},"loc":{"start":{"line":79,"column":69},"end":{"line":79,"column":114}},"line":79},"12":{"name":"(anonymous_12)","decl":{"start":{"line":83,"column":12},"end":{"line":83,"column":13}},"loc":{"start":{"line":83,"column":19},"end":{"line":90,"column":null}},"line":83},"13":{"name":"SlashMenu","decl":{"start":{"line":94,"column":9},"end":{"line":94,"column":19}},"loc":{"start":{"line":94,"column":103},"end":{"line":194,"column":null}},"line":94},"14":{"name":"(anonymous_14)","decl":{"start":{"line":100,"column":4},"end":{"line":100,"column":10}},"loc":{"start":{"line":100,"column":10},"end":{"line":100,"column":null}},"line":100},"15":{"name":"(anonymous_15)","decl":{"start":{"line":100,"column":28},"end":{"line":100,"column":29}},"loc":{"start":{"line":100,"column":38},"end":{"line":100,"column":92}},"line":100},"16":{"name":"(anonymous_16)","decl":{"start":{"line":107,"column":12},"end":{"line":107,"column":18}},"loc":{"start":{"line":107,"column":18},"end":{"line":107,"column":47}},"line":107},"17":{"name":"(anonymous_17)","decl":{"start":{"line":109,"column":12},"end":{"line":109,"column":18}},"loc":{"start":{"line":109,"column":18},"end":{"line":109,"column":53}},"line":109},"18":{"name":"(anonymous_18)","decl":{"start":{"line":111,"column":12},"end":{"line":111,"column":18}},"loc":{"start":{"line":111,"column":18},"end":{"line":111,"column":53}},"line":111},"19":{"name":"(anonymous_19)","decl":{"start":{"line":113,"column":12},"end":{"line":113,"column":18}},"loc":{"start":{"line":113,"column":18},"end":{"line":137,"column":5}},"line":113},"20":{"name":"(anonymous_20)","decl":{"start":{"line":114,"column":20},"end":{"line":114,"column":21}},"loc":{"start":{"line":114,"column":42},"end":{"line":134,"column":null}},"line":114},"21":{"name":"(anonymous_21)","decl":{"start":{"line":116,"column":67},"end":{"line":116,"column":68}},"loc":{"start":{"line":116,"column":74},"end":{"line":116,"column":121}},"line":116},"22":{"name":"(anonymous_22)","decl":{"start":{"line":117,"column":65},"end":{"line":117,"column":66}},"loc":{"start":{"line":117,"column":72},"end":{"line":117,"column":90}},"line":117},"23":{"name":"(anonymous_23)","decl":{"start":{"line":126,"column":17},"end":{"line":126,"column":18}},"loc":{"start":{"line":126,"column":24},"end":{"line":126,"column":33}},"line":126},"24":{"name":"(anonymous_24)","decl":{"start":{"line":131,"column":17},"end":{"line":131,"column":18}},"loc":{"start":{"line":131,"column":24},"end":{"line":131,"column":38}},"line":131},"25":{"name":"(anonymous_25)","decl":{"start":{"line":136,"column":11},"end":{"line":136,"column":17}},"loc":{"start":{"line":136,"column":17},"end":{"line":136,"column":null}},"line":136},"26":{"name":"(anonymous_26)","decl":{"start":{"line":140,"column":12},"end":{"line":140,"column":18}},"loc":{"start":{"line":140,"column":18},"end":{"line":148,"column":5}},"line":140},"27":{"name":"(anonymous_27)","decl":{"start":{"line":141,"column":20},"end":{"line":141,"column":21}},"loc":{"start":{"line":141,"column":39},"end":{"line":145,"column":null}},"line":141},"28":{"name":"(anonymous_28)","decl":{"start":{"line":147,"column":11},"end":{"line":147,"column":17}},"loc":{"start":{"line":147,"column":17},"end":{"line":147,"column":null}},"line":147},"29":{"name":"(anonymous_29)","decl":{"start":{"line":151,"column":22},"end":{"line":151,"column":28}},"loc":{"start":{"line":151,"column":28},"end":{"line":166,"column":5}},"line":151},"30":{"name":"(anonymous_30)","decl":{"start":{"line":177,"column":20},"end":{"line":177,"column":21}},"loc":{"start":{"line":178,"column":8},"end":{"line":190,"column":null}},"line":178},"31":{"name":"(anonymous_31)","decl":{"start":{"line":181,"column":23},"end":{"line":181,"column":24}},"loc":{"start":{"line":181,"column":30},"end":{"line":185,"column":null}},"line":181},"32":{"name":"(anonymous_32)","decl":{"start":{"line":186,"column":24},"end":{"line":186,"column":30}},"loc":{"start":{"line":186,"column":30},"end":{"line":186,"column":null}},"line":186},"33":{"name":"Editor","decl":{"start":{"line":205,"column":16},"end":{"line":205,"column":23}},"loc":{"start":{"line":205,"column":107},"end":{"line":389,"column":null}},"line":205},"34":{"name":"(anonymous_34)","decl":{"start":{"line":215,"column":28},"end":{"line":215,"column":34}},"loc":{"start":{"line":215,"column":34},"end":{"line":220,"column":5}},"line":215},"35":{"name":"(anonymous_35)","decl":{"start":{"line":224,"column":4},"end":{"line":224,"column":10}},"loc":{"start":{"line":224,"column":10},"end":{"line":246,"column":null}},"line":224},"36":{"name":"(anonymous_36)","decl":{"start":{"line":254,"column":12},"end":{"line":254,"column":18}},"loc":{"start":{"line":254,"column":18},"end":{"line":254,"column":53}},"line":254},"37":{"name":"(anonymous_37)","decl":{"start":{"line":257,"column":4},"end":{"line":257,"column":5}},"loc":{"start":{"line":257,"column":20},"end":{"line":266,"column":null}},"line":257},"38":{"name":"(anonymous_38)","decl":{"start":{"line":273,"column":14},"end":{"line":273,"column":15}},"loc":{"start":{"line":273,"column":34},"end":{"line":278,"column":null}},"line":273},"39":{"name":"(anonymous_39)","decl":{"start":{"line":280,"column":21},"end":{"line":280,"column":22}},"loc":{"start":{"line":280,"column":39},"end":{"line":291,"column":null}},"line":280},"40":{"name":"(anonymous_40)","decl":{"start":{"line":296,"column":12},"end":{"line":296,"column":18}},"loc":{"start":{"line":296,"column":18},"end":{"line":300,"column":5}},"line":296},"41":{"name":"(anonymous_41)","decl":{"start":{"line":302,"column":12},"end":{"line":302,"column":18}},"loc":{"start":{"line":302,"column":18},"end":{"line":310,"column":5}},"line":302},"42":{"name":"(anonymous_42)","decl":{"start":{"line":313,"column":4},"end":{"line":313,"column":5}},"loc":{"start":{"line":313,"column":51},"end":{"line":315,"column":null}},"line":313},"43":{"name":"(anonymous_43)","decl":{"start":{"line":321,"column":12},"end":{"line":321,"column":18}},"loc":{"start":{"line":321,"column":18},"end":{"line":332,"column":5}},"line":321},"44":{"name":"(anonymous_44)","decl":{"start":{"line":350,"column":29},"end":{"line":350,"column":30}},"loc":{"start":{"line":351,"column":14},"end":{"line":362,"column":null}},"line":351},"45":{"name":"(anonymous_45)","decl":{"start":{"line":355,"column":29},"end":{"line":355,"column":30}},"loc":{"start":{"line":355,"column":36},"end":{"line":359,"column":null}},"line":355},"46":{"name":"(anonymous_46)","decl":{"start":{"line":367,"column":27},"end":{"line":367,"column":28}},"loc":{"start":{"line":367,"column":34},"end":{"line":375,"column":null}},"line":367},"47":{"name":"(anonymous_47)","decl":{"start":{"line":385,"column":44},"end":{"line":385,"column":50}},"loc":{"start":{"line":385,"column":50},"end":{"line":385,"column":75}},"line":385}},"branchMap":{"0":{"loc":{"start":{"line":32,"column":8},"end":{"line":32,"column":null}},"type":"if","locations":[{"start":{"line":32,"column":8},"end":{"line":32,"column":null}},{"start":{},"end":{}}],"line":32},"1":{"loc":{"start":{"line":33,"column":8},"end":{"line":37,"column":null}},"type":"if","locations":[{"start":{"line":33,"column":8},"end":{"line":37,"column":null}},{"start":{},"end":{}}],"line":33},"2":{"loc":{"start":{"line":35,"column":10},"end":{"line":35,"column":null}},"type":"if","locations":[{"start":{"line":35,"column":10},"end":{"line":35,"column":null}},{"start":{},"end":{}}],"line":35},"3":{"loc":{"start":{"line":42,"column":8},"end":{"line":42,"column":null}},"type":"if","locations":[{"start":{"line":42,"column":8},"end":{"line":42,"column":null}},{"start":{},"end":{}}],"line":42},"4":{"loc":{"start":{"line":43,"column":8},"end":{"line":47,"column":null}},"type":"if","locations":[{"start":{"line":43,"column":8},"end":{"line":47,"column":null}},{"start":{},"end":{}}],"line":43},"5":{"loc":{"start":{"line":45,"column":10},"end":{"line":45,"column":null}},"type":"if","locations":[{"start":{"line":45,"column":10},"end":{"line":45,"column":null}},{"start":{},"end":{}}],"line":45},"6":{"loc":{"start":{"line":84,"column":6},"end":{"line":84,"column":null}},"type":"if","locations":[{"start":{"line":84,"column":6},"end":{"line":84,"column":null}},{"start":{},"end":{}}],"line":84},"7":{"loc":{"start":{"line":115,"column":6},"end":{"line":115,"c
[...]
,"/workspace/src/lib/contentProcessing.ts": {"path":"/workspace/src/lib/contentProcessing.ts","statementMap":{"0":{"start":{"line":2,"column":2},"end":{"line":2,"column":null}},"1":{"start":{"line":4,"column":25},"end":{"line":4,"column":null}},"2":{"start":{"line":24,"column":23},"end":{"line":24,"column":null}},"3":{"start":{"line":27,"column":35},"end":{"line":27,"column":null}},"4":{"start":{"line":28,"column":13},"end":{"line":28,"column":null}},"5":{"start":{"line":30,"column":18},"end":{"line":30,"column":null}},"6":{"start":{"line":31,"column":2},"end":{"line":34,"column":null}},"7":{"start":{"line":32,"column":4},"end":{"line":32,"column":null}},"8":{"start":{"line":33,"column":4},"end":{"line":33,"column":null}},"9":{"start":{"line":36,"column":32},"end":{"line":36,"column":null}},"10":{"start":{"line":37,"column":12},"end":{"line":37,"column":null}},"11":{"start":{"line":39,"column":2},"end":{"line":51,"column":null}},"12":{"start":{"line":40,"column":24},"end":{"line":40,"column":null}},"13":{"start":{"line":41,"column":4},"end":{"line":41,"column":null}},"14":{"start":{"line":42,"column":14},"end":{"line":42,"column":null}},"15":{"start":{"line":44,"column":24},"end":{"line":49,"column":null}},"16":{"start":{"line":50,"column":4},"end":{"line":50,"column":null}},"17":{"start":{"line":53,"column":40},"end":{"line":53,"column":null}},"18":{"start":{"line":54,"column":13},"end":{"line":54,"column":null}},"19":{"start":{"line":56,"column":2},"end":{"line":68,"column":null}},"20":{"start":{"line":57,"column":24},"end":{"line":57,"column":null}},"21":{"start":{"line":58,"column":4},"end":{"line":58,"column":null}},"22":{"start":{"line":59,"column":14},"end":{"line":59,"column":null}},"23":{"start":{"line":60,"column":21},"end":{"line":66,"column":null}},"24":{"start":{"line":67,"column":4},"end":{"line":67,"column":null}},"25":{"start":{"line":70,"column":2},"end":{"line":70,"column":null}},"26":{"start":{"line":84,"column":16},"end":{"line":84,"column":null}},"27":{"start":{"line":85,"column":24},"end":{"line":85,"column":null}},"28":{"start":{"line":86,"column":16},"end":{"line":86,"column":null}},"29":{"start":{"line":88,"column":2},"end":{"line":105,"column":null}},"30":{"start":{"line":89,"column":4},"end":{"line":93,"column":null}},"31":{"start":{"line":90,"column":6},"end":{"line":90,"column":null}},"32":{"start":{"line":91,"column":6},"end":{"line":91,"column":null}},"33":{"start":{"line":92,"column":6},"end":{"line":92,"column":null}},"34":{"start":{"line":94,"column":4},"end":{"line":97,"column":null}},"35":{"start":{"line":95,"column":6},"end":{"line":95,"column":null}},"36":{"start":{"line":96,"column":6},"end":{"line":96,"column":null}},"37":{"start":{"line":98,"column":4},"end":{"line":104,"column":null}},"38":{"start":{"line":106,"column":2},"end":{"line":106,"column":null}},"39":{"start":{"line":115,"column":15},"end":{"line":115,"column":null}},"40":{"start":{"line":117,"column":2},"end":{"line":127,"column":null}},"41":{"start":{"line":117,"column":15},"end":{"line":117,"column":18}},"42":{"start":{"line":118,"column":18},"end":{"line":118,"column":null}},"43":{"start":{"line":119,"column":22},"end":{"line":119,"column":null}},"44":{"start":{"line":121,"column":4},"end":{"line":121,"column":null}},"45":{"start":{"line":123,"column":18},"end":{"line":125,"column":null}},"46":{"start":{"line":126,"column":4},"end":{"line":126,"column":null}},"47":{"start":{"line":129,"column":2},"end":{"line":137,"column":null}},"48":{"start":{"line":129,"column":15},"end":{"line":129,"column":18}},"49":{"start":{"line":130,"column":18},"end":{"line":130,"column":null}},"50":{"start":{"line":131,"column":26},"end":{"line":131,"column":null}},"51":{"start":{"line":132,"column":4},"end":{"line":132,"column":null}},"52":{"start":{"line":133,"column":18},"end":{"line":135,"column":null}},"53":{"start":{"line":136,"column":4},"end":{"line":136,"column":null}},"54":{"start":{"line":139,"column":2},"end":{"line":144,"column":null}},"55":{"start":{"line":142,"column":17},"end":{"line":142,"column":null}},"56":{"start":{"line":143,"column":4},"end":{"line":143,"column":null}},"57":{"start":{"line":146,"column":2},"end":{"line":148,"column":null}},"58":{"start":{"line":147,"column":4},"end":{"line":147,"column":null}},"59":{"start":{"line":150,"column":2},"end":{"line":150,"column":null}}},"fnMap":{"0":{"name":"preprocessContent","decl":{"start":{"line":26,"column":16},"end":{"line":26,"column":34}},"loc":{"start":{"line":26,"column":58},"end":{"line":71,"column":null}},"line":26},"1":{"name":"(anonymous_1)","decl":{"start":{"line":39,"column":36},"end":{"line":39,"column":37}},"loc":{"start":{"line":39,"column":82},"end":{"line":51,"column":3}},"line":39},"2":{"name":"(anonymous_2)","decl":{"start":{"line":56,"column":40},"end":{"line":56,"column":41}},"loc":{"start":{"line":56,"column":66},"end":{"line":68,"column":3}},"line":56},"3":{"name":"unescapeMarkdown","decl":{"start":{"line":83,"column":9},"end":{"line":83,"column":26}},"loc":{"start":{"line":83,"column":46},"end":{"line":107,"column":null}},"line":83},"4":{"name":"postprocessContent","decl":{"start":{"line":109,"column":16},"end":{"line":109,"column":null}},"loc":{"start":{"line":114,"column":10},"end":{"line":151,"column":null}},"line":114}},"branchMap":{"0":{"loc":{"start":{"line":31,"column":2},"end":{"line":34,"column":null}},"type":"if","locations":[{"start":{"line":31,"column":2},"end":{"line":34,"column":null}},{"start":{},"end":{}}],"line":31},"1":{"loc":{"start":{"line":31,"column":6},"end":{"line":31,"column":36}},"type":"binary-expr","locations":[{"start":{"line":31,"column":6},"end":{"line":31,"column":17}},{"start":{"line":31,"column":17},"end":{"line":31,"column":36}}],"line":31},"2":{"loc":{"start":{"line":89,"column":4},"end":{"line":93,"column":null}},"type":"if","locations":[{"start":{"line":89,"column":4},"end":{"line":93,"column":null}},{"start":{},"end":{}}],"line":89},"3":{"loc":{"start":{"line":94,"column":4},"end":{"line":97,"column":null}},"type":"if","locations":[{"start":{"line":94,"column":4},"end":{"line":97,"column":null}},{"start":{},"end":{}}],"line":94},"4":{"loc":{"start":{"line":113,"column":2},"end":{"line":113,"column":null}},"type":"default-arg","locations":[{"start":{"line":113,"column":34},"end":{"line":113,"column":null}}],"line":113},"5":{"loc":{"start":{"line":139,"column":2},"end":{"line":144,"column":null}},"type":"if","locations":[{"start":{"line":139,"column":2},"end":{"line":144,"column":null}},{"start":{},"end":{}}],"line":139},"6":{"loc":{"start":{"line":142,"column":17},"end":{"line":142,"column":null}},"type":"cond-expr","locations":[{"start":{"line":142,"column":43},"end":{"line":142,"column":52}},{"start":{"line":142,"column":52},"end":{"line":142,"column":null}}],"line":142},"7":{"loc":{"start":{"line":146,"column":2},"end":{"line":148,"column":null}},"type":"if","locations":[{"start":{"line":146,"column":2},"end":{"line":148,"column":null}},{"start":{},"end":{}}],"line":146}},"s":{"0":2,"1":2,"2":2,"3":17,"4":17,"5":17,"6":17,"7":5,"8":5,"9":17,"10":17,"11":17,"12":9,"13":9,"14":9,"15":9,"16":9,"17":17,"18":17,"19":17,"20":0,"21":0,"22":0,"23":0,"24":0,"25":17,"26":11,"27":11,"28":11,"29":11,"30":23,"31":2,"32":2,"33":2,"34":21,"35":1,"36":1,"37":20,"38":11,"39":11,"40":11,"41":11,"42":3,"43":3,"44":3,"45":3,"46":3,"47":11,"48":11,"49":0,"50":0,"51":0,"52":0,"53":0,"54":11,"55":3,"56":3,"57":11,"58":11,"59":11},"f":{"0":17,"1":9,"2":0,"3":11,"4":11},"b":{"0":[5,12],"1":[17,6],"2":[2,21],"3":[1,20],"4":[11],"5":[3,8],"6":[2,1],"7":[11,0]},"meta":{"lastBranch":8,"lastFunction":5,"lastStatement":60,"seen":{"s:2:2:2:Infinity":0,"s:4:25:4:Infinity":1,"s:24:23:24:Infinity":2,"f:26:16:26:34":0,"s:27:35:27:Infinity":3,"s:28:13:28:Infinity":4,"s:30:18:30:Infinity":5,"b:31:2:34:Infinity:undefined:undefined:undefined:undefined":0,"s:31:2:34:Infinity":6,"b:31:6:31:17:31:17:31:36":1,"s:32:4:32:Infinity":7,"s:33:4:33:Infinity":8,"s:36:32:36:Infinity":9,"s:37:12:37:Infinity":10,"s:39:2:51:Infinity":11,"f:39:36:39:37":1,"s:40:24:40:Infinity":12,"s:41:4:41:Infinity":13,"s:42:14:42:Infinity":14,"s:44:24:49:Infinity":15,"s:50:4:50:Infinity":16,"s:53:40:53:Infinity":17,"s:54:13:54:Infinity":18,"s:56:2:68:Infinity":19,"f:56:40:56:41":2,"s:57:24:57:Infinity":20,"s:58:4:58:Infinity":21,"s:59:14:59:Infinity":22,"s:60:21:66:Infinity":23,"s:67:4:67:Infinity":24,"s:70:2:70:Infinity":25,"f:83:9:83:26":3,"s:84:16:84:Infinity":26,"s:85:24:85:Infinity":27,"s:86:16:86:Infinity":28,"s:88:2:105:Infinity":29,"b:89:4:93:Infinity:undefined:undefined:undefined:undefined":2,"s:89:4:93:Infinity":30,"s:90:6:90:Infinity":31,"s:91:6:91:Infinity":32,"s:92:6:92:Infinity":33,"b:94:4:97:Infinity:undefined:undefined:undefined:undefined":3,"s:94:4:97:Infinity":34,"s:95:6:95:Infinity":35,"s:96:6:96:Infinity":36,"s:98:4:104:Infinity":37,"s:106:2:106:Infinity":38,"f:109:16:109:Infinity":4,"b:113:34:113:Infinity":4,"s:115:15:115:Infinity":39,"s:117:2:127:Infinity":40,"s:117:15:117:18":41,"s:118:18:118:Infinity":42,"s:119:22:119:Infinity":43,"s:121:4:121:Infinity":44,"s:123:18:125:Infinity":45,"s:126:4:126:Infinity":46,"s:129:2:137:Infinity":47,"s:129:15:129:18":48,"s:130:18:130:Infinity":49,"s:131:26:131:Infinity":50,"s:132:4:132:Infinity":51,"s:133:18:135:Infinity":52,"s:136:4:136:Infinity":53,"b:139:2:144:Infinity:undefined:undefined:undefined:undefined":5,"s:139:2:144:Infinity":54,"s:142:17:142:Infinity":55,"b:142:43:142:52:142:52:142:Infinity":6,"s:143:4:143:Infinity":56,"b:146:2:148:Infinity:undefined:undefined:undefined:undefined":7,"s:146:2:148:Infinity":57,"s:147:4:147:Infinity":58,"s:150:2:150:Infinity":59}}}
,"/workspace/src/lib/fuzzyMatch.ts": {"path":"/workspace/src/lib/fuzzyMatch.ts","statementMap":{"0":{"start":{"line":2,"column":13},"end":{"line":2,"column":null}},"1":{"start":{"line":3,"column":13},"end":{"line":3,"column":null}},"2":{"start":{"line":6,"column":14},"end":{"line":6,"column":null}},"3":{"start":{"line":7,"column":2},"end":{"line":7,"column":null}},"4":{"start":{"line":7,"column":18},"end":{"line":7,"column":null}},"5":{"start":{"line":10,"column":11},"end":{"line":10,"column":null}},"6":{"start":{"line":11,"column":14},"end":{"line":11,"column":null}},"7":{"start":{"line":12,"column":18},"end":{"line":12,"column":null}},"8":{"start":{"line":14,"column":2},"end":{"line":21,"column":null}},"9":{"start":{"line":14,"column":16},"end":{"line":14,"column":19}},"10":{"start":{"line":15,"column":4},"end":{"line":20,"column":null}},"11":{"start":{"line":16,"column":6},"end":{"line":16,"column":null}},"12":{"start":{"line":17,"column":6},"end":{"line":17,"column":null}},"13":{"start":{"line":17,"column":86},"end":{"line":17,"column":null}},"14":{"start":{"line":18,"column":6},"end":{"line":18,"column":null}},"15":{"start":{"line":19,"column":6},"end":{"line":19,"column":null}},"16":{"start":{"line":23,"column":2},"end":{"line":23,"column":null}},"17":{"start":{"line":47,"column":34},"end":{"line":47,"column":null}},"18":{"start":{"line":50,"column":2},"end":{"line":63,"column":null}},"19":{"start":{"line":51,"column":4},"end":{"line":60,"column":null}},"20":{"start":{"line":51,"column":17},"end":{"line":51,"column":20}},"21":{"start":{"line":52,"column":18},"end":{"line":52,"column":null}},"22":{"start":{"line":53,"column":6},"end":{"line":59,"column":null}},"23":{"start":{"line":61,"column":4},"end":{"line":61,"column":null}},"24":{"start":{"line":61,"column":32},"end":{"line":61,"column":null}},"25":{"start":{"line":62,"column":4},"end":{"line":62,"column":null}},"26":{"start":{"line":65,"column":2},"end":{"line":77,"column":null}},"27":{"start":{"line":65,"column":15},"end":{"line":65,"column":18}},"28":{"start":{"line":66,"column":16},"end":{"line":66,"column":null}},"29":{"start":{"line":67,"column":14},"end":{"line":67,"column":null}},"30":{"start":{"line":68,"column":4},"end":{"line":76,"column":null}},"31":{"start":{"line":69,"column":6},"end":{"line":75,"column":null}},"32":{"start":{"line":79,"column":2},"end":{"line":92,"column":null}},"33":{"start":{"line":79,"column":15},"end":{"line":79,"column":18}},"34":{"start":{"line":80,"column":17},"end":{"line":80,"column":null}},"35":{"start":{"line":81,"column":14},"end":{"line":81,"column":null}},"36":{"start":{"line":82,"column":4},"end":{"line":91,"column":null}},"37":{"start":{"line":83,"column":24},"end":{"line":83,"column":null}},"38":{"start":{"line":84,"column":6},"end":{"line":90,"column":null}},"39":{"start":{"line":94,"column":2},"end":{"line":94,"column":null}},"40":{"start":{"line":94,"column":25},"end":{"line":94,"column":42}},"41":{"start":{"line":95,"column":2},"end":{"line":95,"column":null}},"42":{"start":{"line":95,"column":30},"end":{"line":95,"column":null}},"43":{"start":{"line":96,"column":2},"end":{"line":96,"column":null}}},"fnMap":{"0":{"name":"fuzzyMatch","decl":{"start":{"line":1,"column":16},"end":{"line":1,"column":27}},"loc":{"start":{"line":1,"column":93},"end":{"line":24,"column":null}},"line":1},"1":{"name":"filterItems","decl":{"start":{"line":41,"column":16},"end":{"line":41,"column":null}},"loc":{"start":{"line":46,"column":18},"end":{"line":97,"column":null}},"line":46},"2":{"name":"(anonymous_2)","decl":{"start":{"line":94,"column":15},"end":{"line":94,"column":16}},"loc":{"start":{"line":94,"column":25},"end":{"line":94,"column":42}},"line":94}},"branchMap":{"0":{"loc":{"start":{"line":7,"column":2},"end":{"line":7,"column":null}},"type":"if","locations":[{"start":{"line":7,"column":2},"end":{"line":7,"column":null}},{"start":{},"end":{}}],"line":7},"1":{"loc":{"start":{"line":14,"column":19},"end":{"line":14,"column":53}},"type":"binary-expr","locations":[{"start":{"line":14,"column":19},"end":{"line":14,"column":37}},{"start":{"line":14,"column":37},"end":{"line":14,"column":53}}],"line":14},"2":{"loc":{"start":{"line":15,"column":4},"end":{"line":20,"column":null}},"type":"if","locations":[{"start":{"line":15,"column":4},"end":{"line":20,"column":null}},{"start":{},"end":{}}],"line":15},"3":{"loc":{"start":{"line":16,"column":15},"end":{"line":16,"column":null}},"type":"cond-expr","locations":[{"start":{"line":16,"column":38},"end":{"line":16,"column":43}},{"start":{"line":16,"column":43},"end":{"line":16,"column":null}}],"line":16},"4":{"loc":{"start":{"line":17,"column":6},"end":{"line":17,"column":null}},"type":"if","locations":[{"start":{"line":17,"column":6},"end":{"line":17,"column":null}},{"start":{},"end":{}}],"line":17},"5":{"loc":{"start":{"line":17,"column":10},"end":{"line":17,"column":86}},"type":"binary-expr","locations":[{"start":{"line":17,"column":10},"end":{"line":17,"column":22}},{"start":{"line":17,"column":22},"end":{"line":17,"column":44}},{"start":{"line":17,"column":44},"end":{"line":17,"column":66}},{"start":{"line":17,"column":66},"end":{"line":17,"column":86}}],"line":17},"6":{"loc":{"start":{"line":23,"column":9},"end":{"line":23,"column":null}},"type":"cond-expr","locations":[{"start":{"line":23,"column":28},"end":{"line":23,"column":53}},{"start":{"line":23,"column":53},"end":{"line":23,"column":null}}],"line":23},"7":{"loc":{"start":{"line":50,"column":2},"end":{"line":63,"column":null}},"type":"if","locations":[{"start":{"line":50,"column":2},"end":{"line":63,"column":null}},{"start":{},"end":{}}],"line":50},"8":{"loc":{"start":{"line":61,"column":4},"end":{"line":61,"column":null}},"type":"if","locations":[{"start":{"line":61,"column":4},"end":{"line":61,"column":null}},{"start":{},"end":{}}],"line":61},"9":{"loc":{"start":{"line":68,"column":4},"end":{"line":76,"column":null}},"type":"if","locations":[{"start":{"line":68,"column":4},"end":{"line":76,"column":null}},{"start":{},"end":{}}],"line":68},"10":{"loc":{"start":{"line":82,"column":4},"end":{"line":91,"column":null}},"type":"if","locations":[{"start":{"line":82,"column":4},"end":{"line":91,"column":null}},{"start":{},"end":{}}],"line":82},"11":{"loc":{"start":{"line":86,"column":15},"end":{"line":86,"column":null}},"type":"cond-expr","locations":[{"start":{"line":86,"column":32},"end":{"line":86,"column":60}},{"start":{"line":86,"column":60},"end":{"line":86,"column":null}}],"line":86},"12":{"loc":{"start":{"line":87,"column":14},"end":{"line":87,"column":null}},"type":"cond-expr","locations":[{"start":{"line":87,"column":31},"end":{"line":87,"column":58}},{"start":{"line":87,"column":58},"end":{"line":87,"column":null}}],"line":87},"13":{"loc":{"start":{"line":95,"column":2},"end":{"line":95,"column":null}},"type":"if","locations":[{"start":{"line":95,"column":2},"end":{"line":95,"column":null}},{"start":{},"end":{}}],"line":95}},"s":{"0":72,"1":72,"2":72,"3":72,"4":21,"5":51,"6":51,"7":51,"8":51,"9":51,"10":650,"11":25,"12":25,"13":6,"14":25,"15":25,"16":51,"17":9,"18":9,"19":4,"20":4,"21":24,"22":24,"23":4,"24":1,"25":4,"26":5,"27":5,"28":30,"29":30,"30":30,"31":5,"32":5,"33":5,"34":35,"35":35,"36":35,"37":13,"38":13,"39":5,"40":21,"41":5,"42":1,"43":5},"f":{"0":72,"1":9,"2":21},"b":{"0":[21,51],"1":[51,652],"2":[25,625],"3":[4,21],"4":[6,19],"5":[25,24,21,21],"6":[3,48],"7":[4,5],"8":[1,3],"9":[5,25],"10":[13,22],"11":[10,3],"12":[10,3],"13":[1,4]},"meta":{"lastBranch":14,"lastFunction":3,"lastStatement":44,"seen":{"f:1:16:1:27":0,"s:2:13:2:Infinity":0,"s:3:13:3:Infinity":1,"s:6:14:6:Infinity":2,"b:7:2:7:Infinity:undefined:undefined:undefined:undefined":0,"s:7:2:7:Infinity":3,"s:7:18:7:Infinity":4,"s:10:11:10:Infinity":5,"s:11:14:11:Infinity":6,"s:12:18:12:Infinity":7,"s:14:2:21:Infinity":8,"s:14:16:14:19":9,"b:14:19:14:37:14:37:14:53":1,"b:15:4:20:Infinity:undefined:undefined:undefined:undefined":2,"s:15:4:20:Infinity":10,"s:16:6:16:Infinity":11,"b:16:38:16:43:16:43:16:Infinity":3,"b:17:6:17:Infinity:undefined:undefined:undefined:undefined":4,"s:17:6:17:Infinity":12,"b:17:10:17:22:17:22:17:44:17:44:17:66:17:66:17:86":5,"s:17:86:17:Infinity":13,"s:18:6:18:Infinity":14,"s:19:6:19:Infinity":15,"s:23:2:23:Infinity":16,"b:23:28:23:53:23:53:23:Infinity":6,"f:41:16:41:Infinity":1,"s:47:34:47:Infinity":17,"b:50:2:63:Infinity:undefined:undefined:undefined:undefined":7,"s:50:2:63:Infinity":18,"s:51:4:60:Infinity":19,"s:51:17:51:20":20,"s:52:18:52:Infinity":21,"s:53:6:59:Infinity":22,"b:61:4:61:Infinity:undefined:undefined:undefined:undefined":8,"s:61:4:61:Infinity":23,"s:61:32:61:Infinity":24,"s:62:4:62:Infinity":25,"s:65:2:77:Infinity":26,"s:65:15:65:18":27,"s:66:16:66:Infinity":28,"s:67:14:67:Infinity":29,"b:68:4:76:Infinity:undefined:undefined:undefined:undefined":9,"s:68:4:76:Infinity":30,"s:69:6:75:Infinity":31,"s:79:2:92:Infinity":32,"s:79:15:79:18":33,"s:80:17:80:Infinity":34,"s:81:14:81:Infinity":35,"b:82:4:91:Infinity:undefined:undefined:undefined:undefined":10,"s:82:4:91:Infinity":36,"s:83:24:83:Infinity":37,"s:84:6:90:Infinity":38,"b:86:32:86:60:86:60:86:Infinity":11,"b:87:31:87:58:87:58:87:Infinity":12,"s:94:2:94:Infinity":39,"f:94:15:94:16":2,"s:94:25:94:42":40,"b:95:2:95:Infinity:undefined:undefined:undefined:undefined":13,"s:95:2:95:Infinity":41,"s:95:30:95:Infinity":42,"s:96:2:96:Infinity":43}}}
}
